The system is: Linux - 5.11.0-27-generic - x86_64
Compiling the C compiler identification source file "CMakeCCompilerId.c" succeeded.
Compiler: /usr/bin/cc 
Build flags: 
Id flags:  

The output was:
0


Compilation of the C compiler identification source "CMakeCCompilerId.c" produced "a.out"

The C compiler identification is GNU, found in "/home/hsuan/iccad/abc/CMakeFiles/3.16.3/CompilerIdC/a.out"

Compiling the CXX compiler identification source file "CMakeCXXCompilerId.cpp" succeeded.
Compiler: /usr/bin/c++ 
Build flags: 
Id flags:  

The output was:
0


Compilation of the CXX compiler identification source "CMakeCXXCompilerId.cpp" produced "a.out"

The CXX compiler identification is GNU, found in "/home/hsuan/iccad/abc/CMakeFiles/3.16.3/CompilerIdCXX/a.out"

Determining if the C compiler works passed with the following output:
Change Dir: /home/hsuan/iccad/abc/CMakeFiles/CMakeTmp

Run Build Command(s):/usr/bin/make cmTC_f00ca/fast && /usr/bin/make -f CMakeFiles/cmTC_f00ca.dir/build.make CMakeFiles/cmTC_f00ca.dir/build
make[1]: Entering directory '/home/hsuan/iccad/abc/CMakeFiles/CMakeTmp'
Building C object CMakeFiles/cmTC_f00ca.dir/testCCompiler.c.o
/usr/bin/cc    -o CMakeFiles/cmTC_f00ca.dir/testCCompiler.c.o   -c /home/hsuan/iccad/abc/CMakeFiles/CMakeTmp/testCCompiler.c
Linking C executable cmTC_f00ca
/usr/bin/cmake -E cmake_link_script CMakeFiles/cmTC_f00ca.dir/link.txt --verbose=1
/usr/bin/cc      -rdynamic CMakeFiles/cmTC_f00ca.dir/testCCompiler.c.o  -o cmTC_f00ca 
make[1]: Leaving directory '/home/hsuan/iccad/abc/CMakeFiles/CMakeTmp'



Detecting C compiler ABI info compiled with the following output:
Change Dir: /home/hsuan/iccad/abc/CMakeFiles/CMakeTmp

Run Build Command(s):/usr/bin/make cmTC_81490/fast && /usr/bin/make -f CMakeFiles/cmTC_81490.dir/build.make CMakeFiles/cmTC_81490.dir/build
make[1]: Entering directory '/home/hsuan/iccad/abc/CMakeFiles/CMakeTmp'
Building C object CMakeFiles/cmTC_81490.dir/CMakeCCompilerABI.c.o
/usr/bin/cc   -v -o CMakeFiles/cmTC_81490.dir/CMakeCCompilerABI.c.o   -c /usr/share/cmake-3.16/Modules/CMakeCCompilerABI.c
Using built-in specs.
COLLECT_GCC=/usr/bin/cc
OFFLOAD_TARGET_NAMES=nvptx-none:hsa
OFFLOAD_TARGET_DEFAULT=1
Target: x86_64-linux-gnu
Configured with: ../src/configure -v --with-pkgversion='Ubuntu 9.3.0-17ubuntu1~20.04' --with-bugurl=file:///usr/share/doc/gcc-9/README.Bugs --enable-languages=c,ada,c++,go,brig,d,fortran,objc,obj-c++,gm2 --prefix=/usr --with-gcc-major-version-only --program-suffix=-9 --program-prefix=x86_64-linux-gnu- --enable-shared --enable-linker-build-id --libexecdir=/usr/lib --without-included-gettext --enable-threads=posix --libdir=/usr/lib --enable-nls --enable-clocale=gnu --enable-libstdcxx-debug --enable-libstdcxx-time=yes --with-default-libstdcxx-abi=new --enable-gnu-unique-object --disable-vtable-verify --enable-plugin --enable-default-pie --with-system-zlib --with-target-system-zlib=auto --enable-objc-gc=auto --enable-multiarch --disable-werror --with-arch-32=i686 --with-abi=m64 --with-multilib-list=m32,m64,mx32 --enable-multilib --with-tune=generic --enable-offload-targets=nvptx-none=/build/gcc-9-HskZEa/gcc-9-9.3.0/debian/tmp-nvptx/usr,hsa --without-cuda-driver --enable-checking=release --build=x86_64-linux-gnu --host=x86_64-linux-gnu --target=x86_64-linux-gnu
Thread model: posix
gcc version 9.3.0 (Ubuntu 9.3.0-17ubuntu1~20.04) 
COLLECT_GCC_OPTIONS='-v' '-o' 'CMakeFiles/cmTC_81490.dir/CMakeCCompilerABI.c.o' '-c' '-mtune=generic' '-march=x86-64'
 /usr/lib/gcc/x86_64-linux-gnu/9/cc1 -quiet -v -imultiarch x86_64-linux-gnu /usr/share/cmake-3.16/Modules/CMakeCCompilerABI.c -quiet -dumpbase CMakeCCompilerABI.c -mtune=generic -march=x86-64 -auxbase-strip CMakeFiles/cmTC_81490.dir/CMakeCCompilerABI.c.o -version -fasynchronous-unwind-tables -fstack-protector-strong -Wformat -Wformat-security -fstack-clash-protection -fcf-protection -o /tmp/ccisBSFL.s
GNU C17 (Ubuntu 9.3.0-17ubuntu1~20.04) version 9.3.0 (x86_64-linux-gnu)
	compiled by GNU C version 9.3.0, GMP version 6.2.0, MPFR version 4.0.2, MPC version 1.1.0, isl version isl-0.22.1-GMP

GGC heuristics: --param ggc-min-expand=100 --param ggc-min-heapsize=131072
ignoring nonexistent directory "/usr/local/include/x86_64-linux-gnu"
ignoring nonexistent directory "/usr/lib/gcc/x86_64-linux-gnu/9/include-fixed"
ignoring nonexistent directory "/usr/lib/gcc/x86_64-linux-gnu/9/../../../../x86_64-linux-gnu/include"
#include "..." search starts here:
#include <...> search starts here:
 /usr/lib/gcc/x86_64-linux-gnu/9/include
 /usr/local/include
 /usr/include/x86_64-linux-gnu
 /usr/include
End of search list.
GNU C17 (Ubuntu 9.3.0-17ubuntu1~20.04) version 9.3.0 (x86_64-linux-gnu)
	compiled by GNU C version 9.3.0, GMP version 6.2.0, MPFR version 4.0.2, MPC version 1.1.0, isl version isl-0.22.1-GMP

GGC heuristics: --param ggc-min-expand=100 --param ggc-min-heapsize=131072
Compiler executable checksum: bbf13931d8de1abe14040c9909cb6969
COLLECT_GCC_OPTIONS='-v' '-o' 'CMakeFiles/cmTC_81490.dir/CMakeCCompilerABI.c.o' '-c' '-mtune=generic' '-march=x86-64'
 as -v --64 -o CMakeFiles/cmTC_81490.dir/CMakeCCompilerABI.c.o /tmp/ccisBSFL.s
GNU assembler version 2.34 (x86_64-linux-gnu) using BFD version (GNU Binutils for Ubuntu) 2.34
COMPILER_PATH=/usr/lib/gcc/x86_64-linux-gnu/9/:/usr/lib/gcc/x86_64-linux-gnu/9/:/usr/lib/gcc/x86_64-linux-gnu/:/usr/lib/gcc/x86_64-linux-gnu/9/:/usr/lib/gcc/x86_64-linux-gnu/
LIBRARY_PATH=/usr/lib/gcc/x86_64-linux-gnu/9/:/usr/lib/gcc/x86_64-linux-gnu/9/../../../x86_64-linux-gnu/:/usr/lib/gcc/x86_64-linux-gnu/9/../../../../lib/:/lib/x86_64-linux-gnu/:/lib/../lib/:/usr/lib/x86_64-linux-gnu/:/usr/lib/../lib/:/usr/lib/gcc/x86_64-linux-gnu/9/../../../:/lib/:/usr/lib/
COLLECT_GCC_OPTIONS='-v' '-o' 'CMakeFiles/cmTC_81490.dir/CMakeCCompilerABI.c.o' '-c' '-mtune=generic' '-march=x86-64'
Linking C executable cmTC_81490
/usr/bin/cmake -E cmake_link_script CMakeFiles/cmTC_81490.dir/link.txt --verbose=1
/usr/bin/cc     -v -rdynamic CMakeFiles/cmTC_81490.dir/CMakeCCompilerABI.c.o  -o cmTC_81490 
Using built-in specs.
COLLECT_GCC=/usr/bin/cc
COLLECT_LTO_WRAPPER=/usr/lib/gcc/x86_64-linux-gnu/9/lto-wrapper
OFFLOAD_TARGET_NAMES=nvptx-none:hsa
OFFLOAD_TARGET_DEFAULT=1
Target: x86_64-linux-gnu
Configured with: ../src/configure -v --with-pkgversion='Ubuntu 9.3.0-17ubuntu1~20.04' --with-bugurl=file:///usr/share/doc/gcc-9/README.Bugs --enable-languages=c,ada,c++,go,brig,d,fortran,objc,obj-c++,gm2 --prefix=/usr --with-gcc-major-version-only --program-suffix=-9 --program-prefix=x86_64-linux-gnu- --enable-shared --enable-linker-build-id --libexecdir=/usr/lib --without-included-gettext --enable-threads=posix --libdir=/usr/lib --enable-nls --enable-clocale=gnu --enable-libstdcxx-debug --enable-libstdcxx-time=yes --with-default-libstdcxx-abi=new --enable-gnu-unique-object --disable-vtable-verify --enable-plugin --enable-default-pie --with-system-zlib --with-target-system-zlib=auto --enable-objc-gc=auto --enable-multiarch --disable-werror --with-arch-32=i686 --with-abi=m64 --with-multilib-list=m32,m64,mx32 --enable-multilib --with-tune=generic --enable-offload-targets=nvptx-none=/build/gcc-9-HskZEa/gcc-9-9.3.0/debian/tmp-nvptx/usr,hsa --without-cuda-driver --enable-checking=release --build=x86_64-linux-gnu --host=x86_64-linux-gnu --target=x86_64-linux-gnu
Thread model: posix
gcc version 9.3.0 (Ubuntu 9.3.0-17ubuntu1~20.04) 
COMPILER_PATH=/usr/lib/gcc/x86_64-linux-gnu/9/:/usr/lib/gcc/x86_64-linux-gnu/9/:/usr/lib/gcc/x86_64-linux-gnu/:/usr/lib/gcc/x86_64-linux-gnu/9/:/usr/lib/gcc/x86_64-linux-gnu/
LIBRARY_PATH=/usr/lib/gcc/x86_64-linux-gnu/9/:/usr/lib/gcc/x86_64-linux-gnu/9/../../../x86_64-linux-gnu/:/usr/lib/gcc/x86_64-linux-gnu/9/../../../../lib/:/lib/x86_64-linux-gnu/:/lib/../lib/:/usr/lib/x86_64-linux-gnu/:/usr/lib/../lib/:/usr/lib/gcc/x86_64-linux-gnu/9/../../../:/lib/:/usr/lib/
COLLECT_GCC_OPTIONS='-v' '-rdynamic' '-o' 'cmTC_81490' '-mtune=generic' '-march=x86-64'
 /usr/lib/gcc/x86_64-linux-gnu/9/collect2 -plugin /usr/lib/gcc/x86_64-linux-gnu/9/liblto_plugin.so -plugin-opt=/usr/lib/gcc/x86_64-linux-gnu/9/lto-wrapper -plugin-opt=-fresolution=/tmp/cc64plvc.res -plugin-opt=-pass-through=-lgcc -plugin-opt=-pass-through=-lgcc_s -plugin-opt=-pass-through=-lc -plugin-opt=-pass-through=-lgcc -plugin-opt=-pass-through=-lgcc_s --build-id --eh-frame-hdr -m elf_x86_64 --hash-style=gnu --as-needed -export-dynamic -dynamic-linker /lib64/ld-linux-x86-64.so.2 -pie -z now -z relro -o cmTC_81490 /usr/lib/gcc/x86_64-linux-gnu/9/../../../x86_64-linux-gnu/Scrt1.o /usr/lib/gcc/x86_64-linux-gnu/9/../../../x86_64-linux-gnu/crti.o /usr/lib/gcc/x86_64-linux-gnu/9/crtbeginS.o -L/usr/lib/gcc/x86_64-linux-gnu/9 -L/usr/lib/gcc/x86_64-linux-gnu/9/../../../x86_64-linux-gnu -L/usr/lib/gcc/x86_64-linux-gnu/9/../../../../lib -L/lib/x86_64-linux-gnu -L/lib/../lib -L/usr/lib/x86_64-linux-gnu -L/usr/lib/../lib -L/usr/lib/gcc/x86_64-linux-gnu/9/../../.. CMakeFiles/cmTC_81490.dir/CMakeCCompilerABI.c.o -lgcc --push-state --as-needed -lgcc_s --pop-state -lc -lgcc --push-state --as-needed -lgcc_s --pop-state /usr/lib/gcc/x86_64-linux-gnu/9/crtendS.o /usr/lib/gcc/x86_64-linux-gnu/9/../../../x86_64-linux-gnu/crtn.o
COLLECT_GCC_OPTIONS='-v' '-rdynamic' '-o' 'cmTC_81490' '-mtune=generic' '-march=x86-64'
make[1]: Leaving directory '/home/hsuan/iccad/abc/CMakeFiles/CMakeTmp'



Parsed C implicit include dir info from above output: rv=done
  found start of include info
  found start of implicit include info
    add: [/usr/lib/gcc/x86_64-linux-gnu/9/include]
    add: [/usr/local/include]
    add: [/usr/include/x86_64-linux-gnu]
    add: [/usr/include]
  end of search list found
  collapse include dir [/usr/lib/gcc/x86_64-linux-gnu/9/include] ==> [/usr/lib/gcc/x86_64-linux-gnu/9/include]
  collapse include dir [/usr/local/include] ==> [/usr/local/include]
  collapse include dir [/usr/include/x86_64-linux-gnu] ==> [/usr/include/x86_64-linux-gnu]
  collapse include dir [/usr/include] ==> [/usr/include]
  implicit include dirs: [/usr/lib/gcc/x86_64-linux-gnu/9/include;/usr/local/include;/usr/include/x86_64-linux-gnu;/usr/include]


Parsed C implicit link information from above output:
  link line regex: [^( *|.*[/\])(ld|CMAKE_LINK_STARTFILE-NOTFOUND|([^/\]+-)?ld|collect2)[^/\]*( |$)]
  ignore line: [Change Dir: /home/hsuan/iccad/abc/CMakeFiles/CMakeTmp]
  ignore line: []
  ignore line: [Run Build Command(s):/usr/bin/make cmTC_81490/fast && /usr/bin/make -f CMakeFiles/cmTC_81490.dir/build.make CMakeFiles/cmTC_81490.dir/build]
  ignore line: [make[1]: Entering directory '/home/hsuan/iccad/abc/CMakeFiles/CMakeTmp']
  ignore line: [Building C object CMakeFiles/cmTC_81490.dir/CMakeCCompilerABI.c.o]
  ignore line: [/usr/bin/cc   -v -o CMakeFiles/cmTC_81490.dir/CMakeCCompilerABI.c.o   -c /usr/share/cmake-3.16/Modules/CMakeCCompilerABI.c]
  ignore line: [Using built-in specs.]
  ignore line: [COLLECT_GCC=/usr/bin/cc]
  ignore line: [OFFLOAD_TARGET_NAMES=nvptx-none:hsa]
  ignore line: [OFFLOAD_TARGET_DEFAULT=1]
  ignore line: [Target: x86_64-linux-gnu]
  ignore line: [Configured with: ../src/configure -v --with-pkgversion='Ubuntu 9.3.0-17ubuntu1~20.04' --with-bugurl=file:///usr/share/doc/gcc-9/README.Bugs --enable-languages=c ada c++ go brig d fortran objc obj-c++ gm2 --prefix=/usr --with-gcc-major-version-only --program-suffix=-9 --program-prefix=x86_64-linux-gnu- --enable-shared --enable-linker-build-id --libexecdir=/usr/lib --without-included-gettext --enable-threads=posix --libdir=/usr/lib --enable-nls --enable-clocale=gnu --enable-libstdcxx-debug --enable-libstdcxx-time=yes --with-default-libstdcxx-abi=new --enable-gnu-unique-object --disable-vtable-verify --enable-plugin --enable-default-pie --with-system-zlib --with-target-system-zlib=auto --enable-objc-gc=auto --enable-multiarch --disable-werror --with-arch-32=i686 --with-abi=m64 --with-multilib-list=m32 m64 mx32 --enable-multilib --with-tune=generic --enable-offload-targets=nvptx-none=/build/gcc-9-HskZEa/gcc-9-9.3.0/debian/tmp-nvptx/usr hsa --without-cuda-driver --enable-checking=release --build=x86_64-linux-gnu --host=x86_64-linux-gnu --target=x86_64-linux-gnu]
  ignore line: [Thread model: posix]
  ignore line: [gcc version 9.3.0 (Ubuntu 9.3.0-17ubuntu1~20.04) ]
  ignore line: [COLLECT_GCC_OPTIONS='-v' '-o' 'CMakeFiles/cmTC_81490.dir/CMakeCCompilerABI.c.o' '-c' '-mtune=generic' '-march=x86-64']
  ignore line: [ /usr/lib/gcc/x86_64-linux-gnu/9/cc1 -quiet -v -imultiarch x86_64-linux-gnu /usr/share/cmake-3.16/Modules/CMakeCCompilerABI.c -quiet -dumpbase CMakeCCompilerABI.c -mtune=generic -march=x86-64 -auxbase-strip CMakeFiles/cmTC_81490.dir/CMakeCCompilerABI.c.o -version -fasynchronous-unwind-tables -fstack-protector-strong -Wformat -Wformat-security -fstack-clash-protection -fcf-protection -o /tmp/ccisBSFL.s]
  ignore line: [GNU C17 (Ubuntu 9.3.0-17ubuntu1~20.04) version 9.3.0 (x86_64-linux-gnu)]
  ignore line: [	compiled by GNU C version 9.3.0  GMP version 6.2.0  MPFR version 4.0.2  MPC version 1.1.0  isl version isl-0.22.1-GMP]
  ignore line: []
  ignore line: [GGC heuristics: --param ggc-min-expand=100 --param ggc-min-heapsize=131072]
  ignore line: [ignoring nonexistent directory "/usr/local/include/x86_64-linux-gnu"]
  ignore line: [ignoring nonexistent directory "/usr/lib/gcc/x86_64-linux-gnu/9/include-fixed"]
  ignore line: [ignoring nonexistent directory "/usr/lib/gcc/x86_64-linux-gnu/9/../../../../x86_64-linux-gnu/include"]
  ignore line: [#include "..." search starts here:]
  ignore line: [#include <...> search starts here:]
  ignore line: [ /usr/lib/gcc/x86_64-linux-gnu/9/include]
  ignore line: [ /usr/local/include]
  ignore line: [ /usr/include/x86_64-linux-gnu]
  ignore line: [ /usr/include]
  ignore line: [End of search list.]
  ignore line: [GNU C17 (Ubuntu 9.3.0-17ubuntu1~20.04) version 9.3.0 (x86_64-linux-gnu)]
  ignore line: [	compiled by GNU C version 9.3.0  GMP version 6.2.0  MPFR version 4.0.2  MPC version 1.1.0  isl version isl-0.22.1-GMP]
  ignore line: []
  ignore line: [GGC heuristics: --param ggc-min-expand=100 --param ggc-min-heapsize=131072]
  ignore line: [Compiler executable checksum: bbf13931d8de1abe14040c9909cb6969]
  ignore line: [COLLECT_GCC_OPTIONS='-v' '-o' 'CMakeFiles/cmTC_81490.dir/CMakeCCompilerABI.c.o' '-c' '-mtune=generic' '-march=x86-64']
  ignore line: [ as -v --64 -o CMakeFiles/cmTC_81490.dir/CMakeCCompilerABI.c.o /tmp/ccisBSFL.s]
  ignore line: [GNU assembler version 2.34 (x86_64-linux-gnu) using BFD version (GNU Binutils for Ubuntu) 2.34]
  ignore line: [COMPILER_PATH=/usr/lib/gcc/x86_64-linux-gnu/9/:/usr/lib/gcc/x86_64-linux-gnu/9/:/usr/lib/gcc/x86_64-linux-gnu/:/usr/lib/gcc/x86_64-linux-gnu/9/:/usr/lib/gcc/x86_64-linux-gnu/]
  ignore line: [LIBRARY_PATH=/usr/lib/gcc/x86_64-linux-gnu/9/:/usr/lib/gcc/x86_64-linux-gnu/9/../../../x86_64-linux-gnu/:/usr/lib/gcc/x86_64-linux-gnu/9/../../../../lib/:/lib/x86_64-linux-gnu/:/lib/../lib/:/usr/lib/x86_64-linux-gnu/:/usr/lib/../lib/:/usr/lib/gcc/x86_64-linux-gnu/9/../../../:/lib/:/usr/lib/]
  ignore line: [COLLECT_GCC_OPTIONS='-v' '-o' 'CMakeFiles/cmTC_81490.dir/CMakeCCompilerABI.c.o' '-c' '-mtune=generic' '-march=x86-64']
  ignore line: [Linking C executable cmTC_81490]
  ignore line: [/usr/bin/cmake -E cmake_link_script CMakeFiles/cmTC_81490.dir/link.txt --verbose=1]
  ignore line: [/usr/bin/cc     -v -rdynamic CMakeFiles/cmTC_81490.dir/CMakeCCompilerABI.c.o  -o cmTC_81490 ]
  ignore line: [Using built-in specs.]
  ignore line: [COLLECT_GCC=/usr/bin/cc]
  ignore line: [COLLECT_LTO_WRAPPER=/usr/lib/gcc/x86_64-linux-gnu/9/lto-wrapper]
  ignore line: [OFFLOAD_TARGET_NAMES=nvptx-none:hsa]
  ignore line: [OFFLOAD_TARGET_DEFAULT=1]
  ignore line: [Target: x86_64-linux-gnu]
  ignore line: [Configured with: ../src/configure -v --with-pkgversion='Ubuntu 9.3.0-17ubuntu1~20.04' --with-bugurl=file:///usr/share/doc/gcc-9/README.Bugs --enable-languages=c ada c++ go brig d fortran objc obj-c++ gm2 --prefix=/usr --with-gcc-major-version-only --program-suffix=-9 --program-prefix=x86_64-linux-gnu- --enable-shared --enable-linker-build-id --libexecdir=/usr/lib --without-included-gettext --enable-threads=posix --libdir=/usr/lib --enable-nls --enable-clocale=gnu --enable-libstdcxx-debug --enable-libstdcxx-time=yes --with-default-libstdcxx-abi=new --enable-gnu-unique-object --disable-vtable-verify --enable-plugin --enable-default-pie --with-system-zlib --with-target-system-zlib=auto --enable-objc-gc=auto --enable-multiarch --disable-werror --with-arch-32=i686 --with-abi=m64 --with-multilib-list=m32 m64 mx32 --enable-multilib --with-tune=generic --enable-offload-targets=nvptx-none=/build/gcc-9-HskZEa/gcc-9-9.3.0/debian/tmp-nvptx/usr hsa --without-cuda-driver --enable-checking=release --build=x86_64-linux-gnu --host=x86_64-linux-gnu --target=x86_64-linux-gnu]
  ignore line: [Thread model: posix]
  ignore line: [gcc version 9.3.0 (Ubuntu 9.3.0-17ubuntu1~20.04) ]
  ignore line: [COMPILER_PATH=/usr/lib/gcc/x86_64-linux-gnu/9/:/usr/lib/gcc/x86_64-linux-gnu/9/:/usr/lib/gcc/x86_64-linux-gnu/:/usr/lib/gcc/x86_64-linux-gnu/9/:/usr/lib/gcc/x86_64-linux-gnu/]
  ignore line: [LIBRARY_PATH=/usr/lib/gcc/x86_64-linux-gnu/9/:/usr/lib/gcc/x86_64-linux-gnu/9/../../../x86_64-linux-gnu/:/usr/lib/gcc/x86_64-linux-gnu/9/../../../../lib/:/lib/x86_64-linux-gnu/:/lib/../lib/:/usr/lib/x86_64-linux-gnu/:/usr/lib/../lib/:/usr/lib/gcc/x86_64-linux-gnu/9/../../../:/lib/:/usr/lib/]
  ignore line: [COLLECT_GCC_OPTIONS='-v' '-rdynamic' '-o' 'cmTC_81490' '-mtune=generic' '-march=x86-64']
  link line: [ /usr/lib/gcc/x86_64-linux-gnu/9/collect2 -plugin /usr/lib/gcc/x86_64-linux-gnu/9/liblto_plugin.so -plugin-opt=/usr/lib/gcc/x86_64-linux-gnu/9/lto-wrapper -plugin-opt=-fresolution=/tmp/cc64plvc.res -plugin-opt=-pass-through=-lgcc -plugin-opt=-pass-through=-lgcc_s -plugin-opt=-pass-through=-lc -plugin-opt=-pass-through=-lgcc -plugin-opt=-pass-through=-lgcc_s --build-id --eh-frame-hdr -m elf_x86_64 --hash-style=gnu --as-needed -export-dynamic -dynamic-linker /lib64/ld-linux-x86-64.so.2 -pie -z now -z relro -o cmTC_81490 /usr/lib/gcc/x86_64-linux-gnu/9/../../../x86_64-linux-gnu/Scrt1.o /usr/lib/gcc/x86_64-linux-gnu/9/../../../x86_64-linux-gnu/crti.o /usr/lib/gcc/x86_64-linux-gnu/9/crtbeginS.o -L/usr/lib/gcc/x86_64-linux-gnu/9 -L/usr/lib/gcc/x86_64-linux-gnu/9/../../../x86_64-linux-gnu -L/usr/lib/gcc/x86_64-linux-gnu/9/../../../../lib -L/lib/x86_64-linux-gnu -L/lib/../lib -L/usr/lib/x86_64-linux-gnu -L/usr/lib/../lib -L/usr/lib/gcc/x86_64-linux-gnu/9/../../.. CMakeFiles/cmTC_81490.dir/CMakeCCompilerABI.c.o -lgcc --push-state --as-needed -lgcc_s --pop-state -lc -lgcc --push-state --as-needed -lgcc_s --pop-state /usr/lib/gcc/x86_64-linux-gnu/9/crtendS.o /usr/lib/gcc/x86_64-linux-gnu/9/../../../x86_64-linux-gnu/crtn.o]
    arg [/usr/lib/gcc/x86_64-linux-gnu/9/collect2] ==> ignore
    arg [-plugin] ==> ignore
    arg [/usr/lib/gcc/x86_64-linux-gnu/9/liblto_plugin.so] ==> ignore
    arg [-plugin-opt=/usr/lib/gcc/x86_64-linux-gnu/9/lto-wrapper] ==> ignore
    arg [-plugin-opt=-fresolution=/tmp/cc64plvc.res] ==> ignore
    arg [-plugin-opt=-pass-through=-lgcc] ==> ignore
    arg [-plugin-opt=-pass-through=-lgcc_s] ==> ignore
    arg [-plugin-opt=-pass-through=-lc] ==> ignore
    arg [-plugin-opt=-pass-through=-lgcc] ==> ignore
    arg [-plugin-opt=-pass-through=-lgcc_s] ==> ignore
    arg [--build-id] ==> ignore
    arg [--eh-frame-hdr] ==> ignore
    arg [-m] ==> ignore
    arg [elf_x86_64] ==> ignore
    arg [--hash-style=gnu] ==> ignore
    arg [--as-needed] ==> ignore
    arg [-export-dynamic] ==> ignore
    arg [-dynamic-linker] ==> ignore
    arg [/lib64/ld-linux-x86-64.so.2] ==> ignore
    arg [-pie] ==> ignore
    arg [-znow] ==> ignore
    arg [-zrelro] ==> ignore
    arg [-o] ==> ignore
    arg [cmTC_81490] ==> ignore
    arg [/usr/lib/gcc/x86_64-linux-gnu/9/../../../x86_64-linux-gnu/Scrt1.o] ==> ignore
    arg [/usr/lib/gcc/x86_64-linux-gnu/9/../../../x86_64-linux-gnu/crti.o] ==> ignore
    arg [/usr/lib/gcc/x86_64-linux-gnu/9/crtbeginS.o] ==> ignore
    arg [-L/usr/lib/gcc/x86_64-linux-gnu/9] ==> dir [/usr/lib/gcc/x86_64-linux-gnu/9]
    arg [-L/usr/lib/gcc/x86_64-linux-gnu/9/../../../x86_64-linux-gnu] ==> dir [/usr/lib/gcc/x86_64-linux-gnu/9/../../../x86_64-linux-gnu]
    arg [-L/usr/lib/gcc/x86_64-linux-gnu/9/../../../../lib] ==> dir [/usr/lib/gcc/x86_64-linux-gnu/9/../../../../lib]
    arg [-L/lib/x86_64-linux-gnu] ==> dir [/lib/x86_64-linux-gnu]
    arg [-L/lib/../lib] ==> dir [/lib/../lib]
    arg [-L/usr/lib/x86_64-linux-gnu] ==> dir [/usr/lib/x86_64-linux-gnu]
    arg [-L/usr/lib/../lib] ==> dir [/usr/lib/../lib]
    arg [-L/usr/lib/gcc/x86_64-linux-gnu/9/../../..] ==> dir [/usr/lib/gcc/x86_64-linux-gnu/9/../../..]
    arg [CMakeFiles/cmTC_81490.dir/CMakeCCompilerABI.c.o] ==> ignore
    arg [-lgcc] ==> lib [gcc]
    arg [--push-state] ==> ignore
    arg [--as-needed] ==> ignore
    arg [-lgcc_s] ==> lib [gcc_s]
    arg [--pop-state] ==> ignore
    arg [-lc] ==> lib [c]
    arg [-lgcc] ==> lib [gcc]
    arg [--push-state] ==> ignore
    arg [--as-needed] ==> ignore
    arg [-lgcc_s] ==> lib [gcc_s]
    arg [--pop-state] ==> ignore
    arg [/usr/lib/gcc/x86_64-linux-gnu/9/crtendS.o] ==> ignore
    arg [/usr/lib/gcc/x86_64-linux-gnu/9/../../../x86_64-linux-gnu/crtn.o] ==> ignore
  collapse library dir [/usr/lib/gcc/x86_64-linux-gnu/9] ==> [/usr/lib/gcc/x86_64-linux-gnu/9]
  collapse library dir [/usr/lib/gcc/x86_64-linux-gnu/9/../../../x86_64-linux-gnu] ==> [/usr/lib/x86_64-linux-gnu]
  collapse library dir [/usr/lib/gcc/x86_64-linux-gnu/9/../../../../lib] ==> [/usr/lib]
  collapse library dir [/lib/x86_64-linux-gnu] ==> [/lib/x86_64-linux-gnu]
  collapse library dir [/lib/../lib] ==> [/lib]
  collapse library dir [/usr/lib/x86_64-linux-gnu] ==> [/usr/lib/x86_64-linux-gnu]
  collapse library dir [/usr/lib/../lib] ==> [/usr/lib]
  collapse library dir [/usr/lib/gcc/x86_64-linux-gnu/9/../../..] ==> [/usr/lib]
  implicit libs: [gcc;gcc_s;c;gcc;gcc_s]
  implicit dirs: [/usr/lib/gcc/x86_64-linux-gnu/9;/usr/lib/x86_64-linux-gnu;/usr/lib;/lib/x86_64-linux-gnu;/lib]
  implicit fwks: []


Determining if the CXX compiler works passed with the following output:
Change Dir: /home/hsuan/iccad/abc/CMakeFiles/CMakeTmp

Run Build Command(s):/usr/bin/make cmTC_14a32/fast && /usr/bin/make -f CMakeFiles/cmTC_14a32.dir/build.make CMakeFiles/cmTC_14a32.dir/build
make[1]: Entering directory '/home/hsuan/iccad/abc/CMakeFiles/CMakeTmp'
Building CXX object CMakeFiles/cmTC_14a32.dir/testCXXCompiler.cxx.o
/usr/bin/c++     -o CMakeFiles/cmTC_14a32.dir/testCXXCompiler.cxx.o -c /home/hsuan/iccad/abc/CMakeFiles/CMakeTmp/testCXXCompiler.cxx
Linking CXX executable cmTC_14a32
/usr/bin/cmake -E cmake_link_script CMakeFiles/cmTC_14a32.dir/link.txt --verbose=1
/usr/bin/c++       -rdynamic CMakeFiles/cmTC_14a32.dir/testCXXCompiler.cxx.o  -o cmTC_14a32 
make[1]: Leaving directory '/home/hsuan/iccad/abc/CMakeFiles/CMakeTmp'



Detecting CXX compiler ABI info compiled with the following output:
Change Dir: /home/hsuan/iccad/abc/CMakeFiles/CMakeTmp

Run Build Command(s):/usr/bin/make cmTC_44af6/fast && /usr/bin/make -f CMakeFiles/cmTC_44af6.dir/build.make CMakeFiles/cmTC_44af6.dir/build
make[1]: Entering directory '/home/hsuan/iccad/abc/CMakeFiles/CMakeTmp'
Building CXX object CMakeFiles/cmTC_44af6.dir/CMakeCXXCompilerABI.cpp.o
/usr/bin/c++    -v -o CMakeFiles/cmTC_44af6.dir/CMakeCXXCompilerABI.cpp.o -c /usr/share/cmake-3.16/Modules/CMakeCXXCompilerABI.cpp
Using built-in specs.
COLLECT_GCC=/usr/bin/c++
OFFLOAD_TARGET_NAMES=nvptx-none:hsa
OFFLOAD_TARGET_DEFAULT=1
Target: x86_64-linux-gnu
Configured with: ../src/configure -v --with-pkgversion='Ubuntu 9.3.0-17ubuntu1~20.04' --with-bugurl=file:///usr/share/doc/gcc-9/README.Bugs --enable-languages=c,ada,c++,go,brig,d,fortran,objc,obj-c++,gm2 --prefix=/usr --with-gcc-major-version-only --program-suffix=-9 --program-prefix=x86_64-linux-gnu- --enable-shared --enable-linker-build-id --libexecdir=/usr/lib --without-included-gettext --enable-threads=posix --libdir=/usr/lib --enable-nls --enable-clocale=gnu --enable-libstdcxx-debug --enable-libstdcxx-time=yes --with-default-libstdcxx-abi=new --enable-gnu-unique-object --disable-vtable-verify --enable-plugin --enable-default-pie --with-system-zlib --with-target-system-zlib=auto --enable-objc-gc=auto --enable-multiarch --disable-werror --with-arch-32=i686 --with-abi=m64 --with-multilib-list=m32,m64,mx32 --enable-multilib --with-tune=generic --enable-offload-targets=nvptx-none=/build/gcc-9-HskZEa/gcc-9-9.3.0/debian/tmp-nvptx/usr,hsa --without-cuda-driver --enable-checking=release --build=x86_64-linux-gnu --host=x86_64-linux-gnu --target=x86_64-linux-gnu
Thread model: posix
gcc version 9.3.0 (Ubuntu 9.3.0-17ubuntu1~20.04) 
COLLECT_GCC_OPTIONS='-v' '-o' 'CMakeFiles/cmTC_44af6.dir/CMakeCXXCompilerABI.cpp.o' '-c' '-shared-libgcc' '-mtune=generic' '-march=x86-64'
 /usr/lib/gcc/x86_64-linux-gnu/9/cc1plus -quiet -v -imultiarch x86_64-linux-gnu -D_GNU_SOURCE /usr/share/cmake-3.16/Modules/CMakeCXXCompilerABI.cpp -quiet -dumpbase CMakeCXXCompilerABI.cpp -mtune=generic -march=x86-64 -auxbase-strip CMakeFiles/cmTC_44af6.dir/CMakeCXXCompilerABI.cpp.o -version -fasynchronous-unwind-tables -fstack-protector-strong -Wformat -Wformat-security -fstack-clash-protection -fcf-protection -o /tmp/ccJ8sURK.s
GNU C++14 (Ubuntu 9.3.0-17ubuntu1~20.04) version 9.3.0 (x86_64-linux-gnu)
	compiled by GNU C version 9.3.0, GMP version 6.2.0, MPFR version 4.0.2, MPC version 1.1.0, isl version isl-0.22.1-GMP

GGC heuristics: --param ggc-min-expand=100 --param ggc-min-heapsize=131072
ignoring duplicate directory "/usr/include/x86_64-linux-gnu/c++/9"
ignoring nonexistent directory "/usr/local/include/x86_64-linux-gnu"
ignoring nonexistent directory "/usr/lib/gcc/x86_64-linux-gnu/9/include-fixed"
ignoring nonexistent directory "/usr/lib/gcc/x86_64-linux-gnu/9/../../../../x86_64-linux-gnu/include"
#include "..." search starts here:
#include <...> search starts here:
 /usr/include/c++/9
 /usr/include/x86_64-linux-gnu/c++/9
 /usr/include/c++/9/backward
 /usr/lib/gcc/x86_64-linux-gnu/9/include
 /usr/local/include
 /usr/include/x86_64-linux-gnu
 /usr/include
End of search list.
GNU C++14 (Ubuntu 9.3.0-17ubuntu1~20.04) version 9.3.0 (x86_64-linux-gnu)
	compiled by GNU C version 9.3.0, GMP version 6.2.0, MPFR version 4.0.2, MPC version 1.1.0, isl version isl-0.22.1-GMP

GGC heuristics: --param ggc-min-expand=100 --param ggc-min-heapsize=131072
Compiler executable checksum: 466f818abe2f30ba03783f22bd12d815
COLLECT_GCC_OPTIONS='-v' '-o' 'CMakeFiles/cmTC_44af6.dir/CMakeCXXCompilerABI.cpp.o' '-c' '-shared-libgcc' '-mtune=generic' '-march=x86-64'
 as -v --64 -o CMakeFiles/cmTC_44af6.dir/CMakeCXXCompilerABI.cpp.o /tmp/ccJ8sURK.s
GNU assembler version 2.34 (x86_64-linux-gnu) using BFD version (GNU Binutils for Ubuntu) 2.34
COMPILER_PATH=/usr/lib/gcc/x86_64-linux-gnu/9/:/usr/lib/gcc/x86_64-linux-gnu/9/:/usr/lib/gcc/x86_64-linux-gnu/:/usr/lib/gcc/x86_64-linux-gnu/9/:/usr/lib/gcc/x86_64-linux-gnu/
LIBRARY_PATH=/usr/lib/gcc/x86_64-linux-gnu/9/:/usr/lib/gcc/x86_64-linux-gnu/9/../../../x86_64-linux-gnu/:/usr/lib/gcc/x86_64-linux-gnu/9/../../../../lib/:/lib/x86_64-linux-gnu/:/lib/../lib/:/usr/lib/x86_64-linux-gnu/:/usr/lib/../lib/:/usr/lib/gcc/x86_64-linux-gnu/9/../../../:/lib/:/usr/lib/
COLLECT_GCC_OPTIONS='-v' '-o' 'CMakeFiles/cmTC_44af6.dir/CMakeCXXCompilerABI.cpp.o' '-c' '-shared-libgcc' '-mtune=generic' '-march=x86-64'
Linking CXX executable cmTC_44af6
/usr/bin/cmake -E cmake_link_script CMakeFiles/cmTC_44af6.dir/link.txt --verbose=1
/usr/bin/c++      -v -rdynamic CMakeFiles/cmTC_44af6.dir/CMakeCXXCompilerABI.cpp.o  -o cmTC_44af6 
Using built-in specs.
COLLECT_GCC=/usr/bin/c++
COLLECT_LTO_WRAPPER=/usr/lib/gcc/x86_64-linux-gnu/9/lto-wrapper
OFFLOAD_TARGET_NAMES=nvptx-none:hsa
OFFLOAD_TARGET_DEFAULT=1
Target: x86_64-linux-gnu
Configured with: ../src/configure -v --with-pkgversion='Ubuntu 9.3.0-17ubuntu1~20.04' --with-bugurl=file:///usr/share/doc/gcc-9/README.Bugs --enable-languages=c,ada,c++,go,brig,d,fortran,objc,obj-c++,gm2 --prefix=/usr --with-gcc-major-version-only --program-suffix=-9 --program-prefix=x86_64-linux-gnu- --enable-shared --enable-linker-build-id --libexecdir=/usr/lib --without-included-gettext --enable-threads=posix --libdir=/usr/lib --enable-nls --enable-clocale=gnu --enable-libstdcxx-debug --enable-libstdcxx-time=yes --with-default-libstdcxx-abi=new --enable-gnu-unique-object --disable-vtable-verify --enable-plugin --enable-default-pie --with-system-zlib --with-target-system-zlib=auto --enable-objc-gc=auto --enable-multiarch --disable-werror --with-arch-32=i686 --with-abi=m64 --with-multilib-list=m32,m64,mx32 --enable-multilib --with-tune=generic --enable-offload-targets=nvptx-none=/build/gcc-9-HskZEa/gcc-9-9.3.0/debian/tmp-nvptx/usr,hsa --without-cuda-driver --enable-checking=release --build=x86_64-linux-gnu --host=x86_64-linux-gnu --target=x86_64-linux-gnu
Thread model: posix
gcc version 9.3.0 (Ubuntu 9.3.0-17ubuntu1~20.04) 
COMPILER_PATH=/usr/lib/gcc/x86_64-linux-gnu/9/:/usr/lib/gcc/x86_64-linux-gnu/9/:/usr/lib/gcc/x86_64-linux-gnu/:/usr/lib/gcc/x86_64-linux-gnu/9/:/usr/lib/gcc/x86_64-linux-gnu/
LIBRARY_PATH=/usr/lib/gcc/x86_64-linux-gnu/9/:/usr/lib/gcc/x86_64-linux-gnu/9/../../../x86_64-linux-gnu/:/usr/lib/gcc/x86_64-linux-gnu/9/../../../../lib/:/lib/x86_64-linux-gnu/:/lib/../lib/:/usr/lib/x86_64-linux-gnu/:/usr/lib/../lib/:/usr/lib/gcc/x86_64-linux-gnu/9/../../../:/lib/:/usr/lib/
COLLECT_GCC_OPTIONS='-v' '-rdynamic' '-o' 'cmTC_44af6' '-shared-libgcc' '-mtune=generic' '-march=x86-64'
 /usr/lib/gcc/x86_64-linux-gnu/9/collect2 -plugin /usr/lib/gcc/x86_64-linux-gnu/9/liblto_plugin.so -plugin-opt=/usr/lib/gcc/x86_64-linux-gnu/9/lto-wrapper -plugin-opt=-fresolution=/tmp/ccpfiDNO.res -plugin-opt=-pass-through=-lgcc_s -plugin-opt=-pass-through=-lgcc -plugin-opt=-pass-through=-lc -plugin-opt=-pass-through=-lgcc_s -plugin-opt=-pass-through=-lgcc --build-id --eh-frame-hdr -m elf_x86_64 --hash-style=gnu --as-needed -export-dynamic -dynamic-linker /lib64/ld-linux-x86-64.so.2 -pie -z now -z relro -o cmTC_44af6 /usr/lib/gcc/x86_64-linux-gnu/9/../../../x86_64-linux-gnu/Scrt1.o /usr/lib/gcc/x86_64-linux-gnu/9/../../../x86_64-linux-gnu/crti.o /usr/lib/gcc/x86_64-linux-gnu/9/crtbeginS.o -L/usr/lib/gcc/x86_64-linux-gnu/9 -L/usr/lib/gcc/x86_64-linux-gnu/9/../../../x86_64-linux-gnu -L/usr/lib/gcc/x86_64-linux-gnu/9/../../../../lib -L/lib/x86_64-linux-gnu -L/lib/../lib -L/usr/lib/x86_64-linux-gnu -L/usr/lib/../lib -L/usr/lib/gcc/x86_64-linux-gnu/9/../../.. CMakeFiles/cmTC_44af6.dir/CMakeCXXCompilerABI.cpp.o -lstdc++ -lm -lgcc_s -lgcc -lc -lgcc_s -lgcc /usr/lib/gcc/x86_64-linux-gnu/9/crtendS.o /usr/lib/gcc/x86_64-linux-gnu/9/../../../x86_64-linux-gnu/crtn.o
COLLECT_GCC_OPTIONS='-v' '-rdynamic' '-o' 'cmTC_44af6' '-shared-libgcc' '-mtune=generic' '-march=x86-64'
make[1]: Leaving directory '/home/hsuan/iccad/abc/CMakeFiles/CMakeTmp'



Parsed CXX implicit include dir info from above output: rv=done
  found start of include info
  found start of implicit include info
    add: [/usr/include/c++/9]
    add: [/usr/include/x86_64-linux-gnu/c++/9]
    add: [/usr/include/c++/9/backward]
    add: [/usr/lib/gcc/x86_64-linux-gnu/9/include]
    add: [/usr/local/include]
    add: [/usr/include/x86_64-linux-gnu]
    add: [/usr/include]
  end of search list found
  collapse include dir [/usr/include/c++/9] ==> [/usr/include/c++/9]
  collapse include dir [/usr/include/x86_64-linux-gnu/c++/9] ==> [/usr/include/x86_64-linux-gnu/c++/9]
  collapse include dir [/usr/include/c++/9/backward] ==> [/usr/include/c++/9/backward]
  collapse include dir [/usr/lib/gcc/x86_64-linux-gnu/9/include] ==> [/usr/lib/gcc/x86_64-linux-gnu/9/include]
  collapse include dir [/usr/local/include] ==> [/usr/local/include]
  collapse include dir [/usr/include/x86_64-linux-gnu] ==> [/usr/include/x86_64-linux-gnu]
  collapse include dir [/usr/include] ==> [/usr/include]
  implicit include dirs: [/usr/include/c++/9;/usr/include/x86_64-linux-gnu/c++/9;/usr/include/c++/9/backward;/usr/lib/gcc/x86_64-linux-gnu/9/include;/usr/local/include;/usr/include/x86_64-linux-gnu;/usr/include]


Parsed CXX implicit link information from above output:
  link line regex: [^( *|.*[/\])(ld|CMAKE_LINK_STARTFILE-NOTFOUND|([^/\]+-)?ld|collect2)[^/\]*( |$)]
  ignore line: [Change Dir: /home/hsuan/iccad/abc/CMakeFiles/CMakeTmp]
  ignore line: []
  ignore line: [Run Build Command(s):/usr/bin/make cmTC_44af6/fast && /usr/bin/make -f CMakeFiles/cmTC_44af6.dir/build.make CMakeFiles/cmTC_44af6.dir/build]
  ignore line: [make[1]: Entering directory '/home/hsuan/iccad/abc/CMakeFiles/CMakeTmp']
  ignore line: [Building CXX object CMakeFiles/cmTC_44af6.dir/CMakeCXXCompilerABI.cpp.o]
  ignore line: [/usr/bin/c++    -v -o CMakeFiles/cmTC_44af6.dir/CMakeCXXCompilerABI.cpp.o -c /usr/share/cmake-3.16/Modules/CMakeCXXCompilerABI.cpp]
  ignore line: [Using built-in specs.]
  ignore line: [COLLECT_GCC=/usr/bin/c++]
  ignore line: [OFFLOAD_TARGET_NAMES=nvptx-none:hsa]
  ignore line: [OFFLOAD_TARGET_DEFAULT=1]
  ignore line: [Target: x86_64-linux-gnu]
  ignore line: [Configured with: ../src/configure -v --with-pkgversion='Ubuntu 9.3.0-17ubuntu1~20.04' --with-bugurl=file:///usr/share/doc/gcc-9/README.Bugs --enable-languages=c ada c++ go brig d fortran objc obj-c++ gm2 --prefix=/usr --with-gcc-major-version-only --program-suffix=-9 --program-prefix=x86_64-linux-gnu- --enable-shared --enable-linker-build-id --libexecdir=/usr/lib --without-included-gettext --enable-threads=posix --libdir=/usr/lib --enable-nls --enable-clocale=gnu --enable-libstdcxx-debug --enable-libstdcxx-time=yes --with-default-libstdcxx-abi=new --enable-gnu-unique-object --disable-vtable-verify --enable-plugin --enable-default-pie --with-system-zlib --with-target-system-zlib=auto --enable-objc-gc=auto --enable-multiarch --disable-werror --with-arch-32=i686 --with-abi=m64 --with-multilib-list=m32 m64 mx32 --enable-multilib --with-tune=generic --enable-offload-targets=nvptx-none=/build/gcc-9-HskZEa/gcc-9-9.3.0/debian/tmp-nvptx/usr hsa --without-cuda-driver --enable-checking=release --build=x86_64-linux-gnu --host=x86_64-linux-gnu --target=x86_64-linux-gnu]
  ignore line: [Thread model: posix]
  ignore line: [gcc version 9.3.0 (Ubuntu 9.3.0-17ubuntu1~20.04) ]
  ignore line: [COLLECT_GCC_OPTIONS='-v' '-o' 'CMakeFiles/cmTC_44af6.dir/CMakeCXXCompilerABI.cpp.o' '-c' '-shared-libgcc' '-mtune=generic' '-march=x86-64']
  ignore line: [ /usr/lib/gcc/x86_64-linux-gnu/9/cc1plus -quiet -v -imultiarch x86_64-linux-gnu -D_GNU_SOURCE /usr/share/cmake-3.16/Modules/CMakeCXXCompilerABI.cpp -quiet -dumpbase CMakeCXXCompilerABI.cpp -mtune=generic -march=x86-64 -auxbase-strip CMakeFiles/cmTC_44af6.dir/CMakeCXXCompilerABI.cpp.o -version -fasynchronous-unwind-tables -fstack-protector-strong -Wformat -Wformat-security -fstack-clash-protection -fcf-protection -o /tmp/ccJ8sURK.s]
  ignore line: [GNU C++14 (Ubuntu 9.3.0-17ubuntu1~20.04) version 9.3.0 (x86_64-linux-gnu)]
  ignore line: [	compiled by GNU C version 9.3.0  GMP version 6.2.0  MPFR version 4.0.2  MPC version 1.1.0  isl version isl-0.22.1-GMP]
  ignore line: []
  ignore line: [GGC heuristics: --param ggc-min-expand=100 --param ggc-min-heapsize=131072]
  ignore line: [ignoring duplicate directory "/usr/include/x86_64-linux-gnu/c++/9"]
  ignore line: [ignoring nonexistent directory "/usr/local/include/x86_64-linux-gnu"]
  ignore line: [ignoring nonexistent directory "/usr/lib/gcc/x86_64-linux-gnu/9/include-fixed"]
  ignore line: [ignoring nonexistent directory "/usr/lib/gcc/x86_64-linux-gnu/9/../../../../x86_64-linux-gnu/include"]
  ignore line: [#include "..." search starts here:]
  ignore line: [#include <...> search starts here:]
  ignore line: [ /usr/include/c++/9]
  ignore line: [ /usr/include/x86_64-linux-gnu/c++/9]
  ignore line: [ /usr/include/c++/9/backward]
  ignore line: [ /usr/lib/gcc/x86_64-linux-gnu/9/include]
  ignore line: [ /usr/local/include]
  ignore line: [ /usr/include/x86_64-linux-gnu]
  ignore line: [ /usr/include]
  ignore line: [End of search list.]
  ignore line: [GNU C++14 (Ubuntu 9.3.0-17ubuntu1~20.04) version 9.3.0 (x86_64-linux-gnu)]
  ignore line: [	compiled by GNU C version 9.3.0  GMP version 6.2.0  MPFR version 4.0.2  MPC version 1.1.0  isl version isl-0.22.1-GMP]
  ignore line: []
  ignore line: [GGC heuristics: --param ggc-min-expand=100 --param ggc-min-heapsize=131072]
  ignore line: [Compiler executable checksum: 466f818abe2f30ba03783f22bd12d815]
  ignore line: [COLLECT_GCC_OPTIONS='-v' '-o' 'CMakeFiles/cmTC_44af6.dir/CMakeCXXCompilerABI.cpp.o' '-c' '-shared-libgcc' '-mtune=generic' '-march=x86-64']
  ignore line: [ as -v --64 -o CMakeFiles/cmTC_44af6.dir/CMakeCXXCompilerABI.cpp.o /tmp/ccJ8sURK.s]
  ignore line: [GNU assembler version 2.34 (x86_64-linux-gnu) using BFD version (GNU Binutils for Ubuntu) 2.34]
  ignore line: [COMPILER_PATH=/usr/lib/gcc/x86_64-linux-gnu/9/:/usr/lib/gcc/x86_64-linux-gnu/9/:/usr/lib/gcc/x86_64-linux-gnu/:/usr/lib/gcc/x86_64-linux-gnu/9/:/usr/lib/gcc/x86_64-linux-gnu/]
  ignore line: [LIBRARY_PATH=/usr/lib/gcc/x86_64-linux-gnu/9/:/usr/lib/gcc/x86_64-linux-gnu/9/../../../x86_64-linux-gnu/:/usr/lib/gcc/x86_64-linux-gnu/9/../../../../lib/:/lib/x86_64-linux-gnu/:/lib/../lib/:/usr/lib/x86_64-linux-gnu/:/usr/lib/../lib/:/usr/lib/gcc/x86_64-linux-gnu/9/../../../:/lib/:/usr/lib/]
  ignore line: [COLLECT_GCC_OPTIONS='-v' '-o' 'CMakeFiles/cmTC_44af6.dir/CMakeCXXCompilerABI.cpp.o' '-c' '-shared-libgcc' '-mtune=generic' '-march=x86-64']
  ignore line: [Linking CXX executable cmTC_44af6]
  ignore line: [/usr/bin/cmake -E cmake_link_script CMakeFiles/cmTC_44af6.dir/link.txt --verbose=1]
  ignore line: [/usr/bin/c++      -v -rdynamic CMakeFiles/cmTC_44af6.dir/CMakeCXXCompilerABI.cpp.o  -o cmTC_44af6 ]
  ignore line: [Using built-in specs.]
  ignore line: [COLLECT_GCC=/usr/bin/c++]
  ignore line: [COLLECT_LTO_WRAPPER=/usr/lib/gcc/x86_64-linux-gnu/9/lto-wrapper]
  ignore line: [OFFLOAD_TARGET_NAMES=nvptx-none:hsa]
  ignore line: [OFFLOAD_TARGET_DEFAULT=1]
  ignore line: [Target: x86_64-linux-gnu]
  ignore line: [Configured with: ../src/configure -v --with-pkgversion='Ubuntu 9.3.0-17ubuntu1~20.04' --with-bugurl=file:///usr/share/doc/gcc-9/README.Bugs --enable-languages=c ada c++ go brig d fortran objc obj-c++ gm2 --prefix=/usr --with-gcc-major-version-only --program-suffix=-9 --program-prefix=x86_64-linux-gnu- --enable-shared --enable-linker-build-id --libexecdir=/usr/lib --without-included-gettext --enable-threads=posix --libdir=/usr/lib --enable-nls --enable-clocale=gnu --enable-libstdcxx-debug --enable-libstdcxx-time=yes --with-default-libstdcxx-abi=new --enable-gnu-unique-object --disable-vtable-verify --enable-plugin --enable-default-pie --with-system-zlib --with-target-system-zlib=auto --enable-objc-gc=auto --enable-multiarch --disable-werror --with-arch-32=i686 --with-abi=m64 --with-multilib-list=m32 m64 mx32 --enable-multilib --with-tune=generic --enable-offload-targets=nvptx-none=/build/gcc-9-HskZEa/gcc-9-9.3.0/debian/tmp-nvptx/usr hsa --without-cuda-driver --enable-checking=release --build=x86_64-linux-gnu --host=x86_64-linux-gnu --target=x86_64-linux-gnu]
  ignore line: [Thread model: posix]
  ignore line: [gcc version 9.3.0 (Ubuntu 9.3.0-17ubuntu1~20.04) ]
  ignore line: [COMPILER_PATH=/usr/lib/gcc/x86_64-linux-gnu/9/:/usr/lib/gcc/x86_64-linux-gnu/9/:/usr/lib/gcc/x86_64-linux-gnu/:/usr/lib/gcc/x86_64-linux-gnu/9/:/usr/lib/gcc/x86_64-linux-gnu/]
  ignore line: [LIBRARY_PATH=/usr/lib/gcc/x86_64-linux-gnu/9/:/usr/lib/gcc/x86_64-linux-gnu/9/../../../x86_64-linux-gnu/:/usr/lib/gcc/x86_64-linux-gnu/9/../../../../lib/:/lib/x86_64-linux-gnu/:/lib/../lib/:/usr/lib/x86_64-linux-gnu/:/usr/lib/../lib/:/usr/lib/gcc/x86_64-linux-gnu/9/../../../:/lib/:/usr/lib/]
  ignore line: [COLLECT_GCC_OPTIONS='-v' '-rdynamic' '-o' 'cmTC_44af6' '-shared-libgcc' '-mtune=generic' '-march=x86-64']
  link line: [ /usr/lib/gcc/x86_64-linux-gnu/9/collect2 -plugin /usr/lib/gcc/x86_64-linux-gnu/9/liblto_plugin.so -plugin-opt=/usr/lib/gcc/x86_64-linux-gnu/9/lto-wrapper -plugin-opt=-fresolution=/tmp/ccpfiDNO.res -plugin-opt=-pass-through=-lgcc_s -plugin-opt=-pass-through=-lgcc -plugin-opt=-pass-through=-lc -plugin-opt=-pass-through=-lgcc_s -plugin-opt=-pass-through=-lgcc --build-id --eh-frame-hdr -m elf_x86_64 --hash-style=gnu --as-needed -export-dynamic -dynamic-linker /lib64/ld-linux-x86-64.so.2 -pie -z now -z relro -o cmTC_44af6 /usr/lib/gcc/x86_64-linux-gnu/9/../../../x86_64-linux-gnu/Scrt1.o /usr/lib/gcc/x86_64-linux-gnu/9/../../../x86_64-linux-gnu/crti.o /usr/lib/gcc/x86_64-linux-gnu/9/crtbeginS.o -L/usr/lib/gcc/x86_64-linux-gnu/9 -L/usr/lib/gcc/x86_64-linux-gnu/9/../../../x86_64-linux-gnu -L/usr/lib/gcc/x86_64-linux-gnu/9/../../../../lib -L/lib/x86_64-linux-gnu -L/lib/../lib -L/usr/lib/x86_64-linux-gnu -L/usr/lib/../lib -L/usr/lib/gcc/x86_64-linux-gnu/9/../../.. CMakeFiles/cmTC_44af6.dir/CMakeCXXCompilerABI.cpp.o -lstdc++ -lm -lgcc_s -lgcc -lc -lgcc_s -lgcc /usr/lib/gcc/x86_64-linux-gnu/9/crtendS.o /usr/lib/gcc/x86_64-linux-gnu/9/../../../x86_64-linux-gnu/crtn.o]
    arg [/usr/lib/gcc/x86_64-linux-gnu/9/collect2] ==> ignore
    arg [-plugin] ==> ignore
    arg [/usr/lib/gcc/x86_64-linux-gnu/9/liblto_plugin.so] ==> ignore
    arg [-plugin-opt=/usr/lib/gcc/x86_64-linux-gnu/9/lto-wrapper] ==> ignore
    arg [-plugin-opt=-fresolution=/tmp/ccpfiDNO.res] ==> ignore
    arg [-plugin-opt=-pass-through=-lgcc_s] ==> ignore
    arg [-plugin-opt=-pass-through=-lgcc] ==> ignore
    arg [-plugin-opt=-pass-through=-lc] ==> ignore
    arg [-plugin-opt=-pass-through=-lgcc_s] ==> ignore
    arg [-plugin-opt=-pass-through=-lgcc] ==> ignore
    arg [--build-id] ==> ignore
    arg [--eh-frame-hdr] ==> ignore
    arg [-m] ==> ignore
    arg [elf_x86_64] ==> ignore
    arg [--hash-style=gnu] ==> ignore
    arg [--as-needed] ==> ignore
    arg [-export-dynamic] ==> ignore
    arg [-dynamic-linker] ==> ignore
    arg [/lib64/ld-linux-x86-64.so.2] ==> ignore
    arg [-pie] ==> ignore
    arg [-znow] ==> ignore
    arg [-zrelro] ==> ignore
    arg [-o] ==> ignore
    arg [cmTC_44af6] ==> ignore
    arg [/usr/lib/gcc/x86_64-linux-gnu/9/../../../x86_64-linux-gnu/Scrt1.o] ==> ignore
    arg [/usr/lib/gcc/x86_64-linux-gnu/9/../../../x86_64-linux-gnu/crti.o] ==> ignore
    arg [/usr/lib/gcc/x86_64-linux-gnu/9/crtbeginS.o] ==> ignore
    arg [-L/usr/lib/gcc/x86_64-linux-gnu/9] ==> dir [/usr/lib/gcc/x86_64-linux-gnu/9]
    arg [-L/usr/lib/gcc/x86_64-linux-gnu/9/../../../x86_64-linux-gnu] ==> dir [/usr/lib/gcc/x86_64-linux-gnu/9/../../../x86_64-linux-gnu]
    arg [-L/usr/lib/gcc/x86_64-linux-gnu/9/../../../../lib] ==> dir [/usr/lib/gcc/x86_64-linux-gnu/9/../../../../lib]
    arg [-L/lib/x86_64-linux-gnu] ==> dir [/lib/x86_64-linux-gnu]
    arg [-L/lib/../lib] ==> dir [/lib/../lib]
    arg [-L/usr/lib/x86_64-linux-gnu] ==> dir [/usr/lib/x86_64-linux-gnu]
    arg [-L/usr/lib/../lib] ==> dir [/usr/lib/../lib]
    arg [-L/usr/lib/gcc/x86_64-linux-gnu/9/../../..] ==> dir [/usr/lib/gcc/x86_64-linux-gnu/9/../../..]
    arg [CMakeFiles/cmTC_44af6.dir/CMakeCXXCompilerABI.cpp.o] ==> ignore
    arg [-lstdc++] ==> lib [stdc++]
    arg [-lm] ==> lib [m]
    arg [-lgcc_s] ==> lib [gcc_s]
    arg [-lgcc] ==> lib [gcc]
    arg [-lc] ==> lib [c]
    arg [-lgcc_s] ==> lib [gcc_s]
    arg [-lgcc] ==> lib [gcc]
    arg [/usr/lib/gcc/x86_64-linux-gnu/9/crtendS.o] ==> ignore
    arg [/usr/lib/gcc/x86_64-linux-gnu/9/../../../x86_64-linux-gnu/crtn.o] ==> ignore
  collapse library dir [/usr/lib/gcc/x86_64-linux-gnu/9] ==> [/usr/lib/gcc/x86_64-linux-gnu/9]
  collapse library dir [/usr/lib/gcc/x86_64-linux-gnu/9/../../../x86_64-linux-gnu] ==> [/usr/lib/x86_64-linux-gnu]
  collapse library dir [/usr/lib/gcc/x86_64-linux-gnu/9/../../../../lib] ==> [/usr/lib]
  collapse library dir [/lib/x86_64-linux-gnu] ==> [/lib/x86_64-linux-gnu]
  collapse library dir [/lib/../lib] ==> [/lib]
  collapse library dir [/usr/lib/x86_64-linux-gnu] ==> [/usr/lib/x86_64-linux-gnu]
  collapse library dir [/usr/lib/../lib] ==> [/usr/lib]
  collapse library dir [/usr/lib/gcc/x86_64-linux-gnu/9/../../..] ==> [/usr/lib]
  implicit libs: [stdc++;m;gcc_s;gcc;c;gcc_s;gcc]
  implicit dirs: [/usr/lib/gcc/x86_64-linux-gnu/9;/usr/lib/x86_64-linux-gnu;/usr/lib;/lib/x86_64-linux-gnu;/lib]
  implicit fwks: []


Performing C SOURCE FILE Test C_COMPILER_SUPPORTS__-Wno-unused-but-set-variable succeeded with the following output:
Change Dir: /home/hsuan/iccad/abc/CMakeFiles/CMakeTmp

Run Build Command(s):/usr/bin/make cmTC_98a32/fast && /usr/bin/make -f CMakeFiles/cmTC_98a32.dir/build.make CMakeFiles/cmTC_98a32.dir/build
make[1]: Entering directory '/home/hsuan/iccad/abc/CMakeFiles/CMakeTmp'
Building C object CMakeFiles/cmTC_98a32.dir/src.c.o
/usr/bin/cc   -DC_COMPILER_SUPPORTS__-Wno-unused-but-set-variable   -Wno-unused-but-set-variable -o CMakeFiles/cmTC_98a32.dir/src.c.o   -c /home/hsuan/iccad/abc/CMakeFiles/CMakeTmp/src.c
<command-line>: warning: ISO C99 requires whitespace after the macro name
Linking C executable cmTC_98a32
/usr/bin/cmake -E cmake_link_script CMakeFiles/cmTC_98a32.dir/link.txt --verbose=1
/usr/bin/cc  -DC_COMPILER_SUPPORTS__-Wno-unused-but-set-variable    -rdynamic CMakeFiles/cmTC_98a32.dir/src.c.o  -o cmTC_98a32 
make[1]: Leaving directory '/home/hsuan/iccad/abc/CMakeFiles/CMakeTmp'


Source file was:
int main(void) { return 0; }
Performing C++ SOURCE FILE Test CXX_COMPILER_SUPPORTS__-Wno-unused-but-set-variable succeeded with the following output:
Change Dir: /home/hsuan/iccad/abc/CMakeFiles/CMakeTmp

Run Build Command(s):/usr/bin/make cmTC_66f82/fast && /usr/bin/make -f CMakeFiles/cmTC_66f82.dir/build.make CMakeFiles/cmTC_66f82.dir/build
make[1]: Entering directory '/home/hsuan/iccad/abc/CMakeFiles/CMakeTmp'
Building CXX object CMakeFiles/cmTC_66f82.dir/src.cxx.o
/usr/bin/c++    -DCXX_COMPILER_SUPPORTS__-Wno-unused-but-set-variable   -Wno-unused-but-set-variable -o CMakeFiles/cmTC_66f82.dir/src.cxx.o -c /home/hsuan/iccad/abc/CMakeFiles/CMakeTmp/src.cxx
<command-line>: warning: ISO C++11 requires whitespace after the macro name
Linking CXX executable cmTC_66f82
/usr/bin/cmake -E cmake_link_script CMakeFiles/cmTC_66f82.dir/link.txt --verbose=1
/usr/bin/c++   -DCXX_COMPILER_SUPPORTS__-Wno-unused-but-set-variable    -rdynamic CMakeFiles/cmTC_66f82.dir/src.cxx.o  -o cmTC_66f82 
make[1]: Leaving directory '/home/hsuan/iccad/abc/CMakeFiles/CMakeTmp'


Source file was:
int main() { return 0; }
Performing C SOURCE FILE Test C_COMPILER_SUPPORTS__-Wall succeeded with the following output:
Change Dir: /home/hsuan/iccad/abc/CMakeFiles/CMakeTmp

Run Build Command(s):/usr/bin/make cmTC_54dd7/fast && /usr/bin/make -f CMakeFiles/cmTC_54dd7.dir/build.make CMakeFiles/cmTC_54dd7.dir/build
make[1]: Entering directory '/home/hsuan/iccad/abc/CMakeFiles/CMakeTmp'
Building C object CMakeFiles/cmTC_54dd7.dir/src.c.o
/usr/bin/cc   -DC_COMPILER_SUPPORTS__-Wall   -Wall -o CMakeFiles/cmTC_54dd7.dir/src.c.o   -c /home/hsuan/iccad/abc/CMakeFiles/CMakeTmp/src.c
<command-line>: warning: ISO C99 requires whitespace after the macro name
Linking C executable cmTC_54dd7
/usr/bin/cmake -E cmake_link_script CMakeFiles/cmTC_54dd7.dir/link.txt --verbose=1
/usr/bin/cc  -DC_COMPILER_SUPPORTS__-Wall    -rdynamic CMakeFiles/cmTC_54dd7.dir/src.c.o  -o cmTC_54dd7 
make[1]: Leaving directory '/home/hsuan/iccad/abc/CMakeFiles/CMakeTmp'


Source file was:
int main(void) { return 0; }
Performing C++ SOURCE FILE Test CXX_COMPILER_SUPPORTS__-Wall succeeded with the following output:
Change Dir: /home/hsuan/iccad/abc/CMakeFiles/CMakeTmp

Run Build Command(s):/usr/bin/make cmTC_fc8b0/fast && /usr/bin/make -f CMakeFiles/cmTC_fc8b0.dir/build.make CMakeFiles/cmTC_fc8b0.dir/build
make[1]: Entering directory '/home/hsuan/iccad/abc/CMakeFiles/CMakeTmp'
Building CXX object CMakeFiles/cmTC_fc8b0.dir/src.cxx.o
/usr/bin/c++    -DCXX_COMPILER_SUPPORTS__-Wall   -Wall -o CMakeFiles/cmTC_fc8b0.dir/src.cxx.o -c /home/hsuan/iccad/abc/CMakeFiles/CMakeTmp/src.cxx
<command-line>: warning: ISO C++11 requires whitespace after the macro name
Linking CXX executable cmTC_fc8b0
/usr/bin/cmake -E cmake_link_script CMakeFiles/cmTC_fc8b0.dir/link.txt --verbose=1
/usr/bin/c++   -DCXX_COMPILER_SUPPORTS__-Wall    -rdynamic CMakeFiles/cmTC_fc8b0.dir/src.cxx.o  -o cmTC_fc8b0 
make[1]: Leaving directory '/home/hsuan/iccad/abc/CMakeFiles/CMakeTmp'


Source file was:
int main() { return 0; }
Performing C SOURCE FILE Test C_COMPILER_SUPPORTS__-Wno-unused-function succeeded with the following output:
Change Dir: /home/hsuan/iccad/abc/CMakeFiles/CMakeTmp

Run Build Command(s):/usr/bin/make cmTC_262c4/fast && /usr/bin/make -f CMakeFiles/cmTC_262c4.dir/build.make CMakeFiles/cmTC_262c4.dir/build
make[1]: Entering directory '/home/hsuan/iccad/abc/CMakeFiles/CMakeTmp'
Building C object CMakeFiles/cmTC_262c4.dir/src.c.o
/usr/bin/cc   -DC_COMPILER_SUPPORTS__-Wno-unused-function   -Wno-unused-function -o CMakeFiles/cmTC_262c4.dir/src.c.o   -c /home/hsuan/iccad/abc/CMakeFiles/CMakeTmp/src.c
<command-line>: warning: ISO C99 requires whitespace after the macro name
Linking C executable cmTC_262c4
/usr/bin/cmake -E cmake_link_script CMakeFiles/cmTC_262c4.dir/link.txt --verbose=1
/usr/bin/cc  -DC_COMPILER_SUPPORTS__-Wno-unused-function    -rdynamic CMakeFiles/cmTC_262c4.dir/src.c.o  -o cmTC_262c4 
make[1]: Leaving directory '/home/hsuan/iccad/abc/CMakeFiles/CMakeTmp'


Source file was:
int main(void) { return 0; }
Performing C++ SOURCE FILE Test CXX_COMPILER_SUPPORTS__-Wno-unused-function succeeded with the following output:
Change Dir: /home/hsuan/iccad/abc/CMakeFiles/CMakeTmp

Run Build Command(s):/usr/bin/make cmTC_02ae8/fast && /usr/bin/make -f CMakeFiles/cmTC_02ae8.dir/build.make CMakeFiles/cmTC_02ae8.dir/build
make[1]: Entering directory '/home/hsuan/iccad/abc/CMakeFiles/CMakeTmp'
Building CXX object CMakeFiles/cmTC_02ae8.dir/src.cxx.o
/usr/bin/c++    -DCXX_COMPILER_SUPPORTS__-Wno-unused-function   -Wno-unused-function -o CMakeFiles/cmTC_02ae8.dir/src.cxx.o -c /home/hsuan/iccad/abc/CMakeFiles/CMakeTmp/src.cxx
<command-line>: warning: ISO C++11 requires whitespace after the macro name
Linking CXX executable cmTC_02ae8
/usr/bin/cmake -E cmake_link_script CMakeFiles/cmTC_02ae8.dir/link.txt --verbose=1
/usr/bin/c++   -DCXX_COMPILER_SUPPORTS__-Wno-unused-function    -rdynamic CMakeFiles/cmTC_02ae8.dir/src.cxx.o  -o cmTC_02ae8 
make[1]: Leaving directory '/home/hsuan/iccad/abc/CMakeFiles/CMakeTmp'


Source file was:
int main() { return 0; }
Performing C SOURCE FILE Test C_COMPILER_SUPPORTS__-Wno-write-strings succeeded with the following output:
Change Dir: /home/hsuan/iccad/abc/CMakeFiles/CMakeTmp

Run Build Command(s):/usr/bin/make cmTC_10ed9/fast && /usr/bin/make -f CMakeFiles/cmTC_10ed9.dir/build.make CMakeFiles/cmTC_10ed9.dir/build
make[1]: Entering directory '/home/hsuan/iccad/abc/CMakeFiles/CMakeTmp'
Building C object CMakeFiles/cmTC_10ed9.dir/src.c.o
/usr/bin/cc   -DC_COMPILER_SUPPORTS__-Wno-write-strings   -Wno-write-strings -o CMakeFiles/cmTC_10ed9.dir/src.c.o   -c /home/hsuan/iccad/abc/CMakeFiles/CMakeTmp/src.c
<command-line>: warning: ISO C99 requires whitespace after the macro name
Linking C executable cmTC_10ed9
/usr/bin/cmake -E cmake_link_script CMakeFiles/cmTC_10ed9.dir/link.txt --verbose=1
/usr/bin/cc  -DC_COMPILER_SUPPORTS__-Wno-write-strings    -rdynamic CMakeFiles/cmTC_10ed9.dir/src.c.o  -o cmTC_10ed9 
make[1]: Leaving directory '/home/hsuan/iccad/abc/CMakeFiles/CMakeTmp'


Source file was:
int main(void) { return 0; }
Performing C++ SOURCE FILE Test CXX_COMPILER_SUPPORTS__-Wno-write-strings succeeded with the following output:
Change Dir: /home/hsuan/iccad/abc/CMakeFiles/CMakeTmp

Run Build Command(s):/usr/bin/make cmTC_6eefd/fast && /usr/bin/make -f CMakeFiles/cmTC_6eefd.dir/build.make CMakeFiles/cmTC_6eefd.dir/build
make[1]: Entering directory '/home/hsuan/iccad/abc/CMakeFiles/CMakeTmp'
Building CXX object CMakeFiles/cmTC_6eefd.dir/src.cxx.o
/usr/bin/c++    -DCXX_COMPILER_SUPPORTS__-Wno-write-strings   -Wno-write-strings -o CMakeFiles/cmTC_6eefd.dir/src.cxx.o -c /home/hsuan/iccad/abc/CMakeFiles/CMakeTmp/src.cxx
<command-line>: warning: ISO C++11 requires whitespace after the macro name
Linking CXX executable cmTC_6eefd
/usr/bin/cmake -E cmake_link_script CMakeFiles/cmTC_6eefd.dir/link.txt --verbose=1
/usr/bin/c++   -DCXX_COMPILER_SUPPORTS__-Wno-write-strings    -rdynamic CMakeFiles/cmTC_6eefd.dir/src.cxx.o  -o cmTC_6eefd 
make[1]: Leaving directory '/home/hsuan/iccad/abc/CMakeFiles/CMakeTmp'


Source file was:
int main() { return 0; }
Performing C SOURCE FILE Test C_COMPILER_SUPPORTS__-Wno-sign-compare succeeded with the following output:
Change Dir: /home/hsuan/iccad/abc/CMakeFiles/CMakeTmp

Run Build Command(s):/usr/bin/make cmTC_34bb9/fast && /usr/bin/make -f CMakeFiles/cmTC_34bb9.dir/build.make CMakeFiles/cmTC_34bb9.dir/build
make[1]: Entering directory '/home/hsuan/iccad/abc/CMakeFiles/CMakeTmp'
Building C object CMakeFiles/cmTC_34bb9.dir/src.c.o
/usr/bin/cc   -DC_COMPILER_SUPPORTS__-Wno-sign-compare   -Wno-sign-compare -o CMakeFiles/cmTC_34bb9.dir/src.c.o   -c /home/hsuan/iccad/abc/CMakeFiles/CMakeTmp/src.c
<command-line>: warning: ISO C99 requires whitespace after the macro name
Linking C executable cmTC_34bb9
/usr/bin/cmake -E cmake_link_script CMakeFiles/cmTC_34bb9.dir/link.txt --verbose=1
/usr/bin/cc  -DC_COMPILER_SUPPORTS__-Wno-sign-compare    -rdynamic CMakeFiles/cmTC_34bb9.dir/src.c.o  -o cmTC_34bb9 
make[1]: Leaving directory '/home/hsuan/iccad/abc/CMakeFiles/CMakeTmp'


Source file was:
int main(void) { return 0; }
Performing C++ SOURCE FILE Test CXX_COMPILER_SUPPORTS__-Wno-sign-compare succeeded with the following output:
Change Dir: /home/hsuan/iccad/abc/CMakeFiles/CMakeTmp

Run Build Command(s):/usr/bin/make cmTC_d46c3/fast && /usr/bin/make -f CMakeFiles/cmTC_d46c3.dir/build.make CMakeFiles/cmTC_d46c3.dir/build
make[1]: Entering directory '/home/hsuan/iccad/abc/CMakeFiles/CMakeTmp'
Building CXX object CMakeFiles/cmTC_d46c3.dir/src.cxx.o
/usr/bin/c++    -DCXX_COMPILER_SUPPORTS__-Wno-sign-compare   -Wno-sign-compare -o CMakeFiles/cmTC_d46c3.dir/src.cxx.o -c /home/hsuan/iccad/abc/CMakeFiles/CMakeTmp/src.cxx
<command-line>: warning: ISO C++11 requires whitespace after the macro name
Linking CXX executable cmTC_d46c3
/usr/bin/cmake -E cmake_link_script CMakeFiles/cmTC_d46c3.dir/link.txt --verbose=1
/usr/bin/c++   -DCXX_COMPILER_SUPPORTS__-Wno-sign-compare    -rdynamic CMakeFiles/cmTC_d46c3.dir/src.cxx.o  -o cmTC_d46c3 
make[1]: Leaving directory '/home/hsuan/iccad/abc/CMakeFiles/CMakeTmp'


Source file was:
int main() { return 0; }
Performing C SOURCE FILE Test C_COMPILER_SUPPORTS__-I/usr/include/python2.7 succeeded with the following output:
Change Dir: /home/hsuan/iccad/abc/CMakeFiles/CMakeTmp

Run Build Command(s):/usr/bin/make cmTC_b45f2/fast && /usr/bin/make -f CMakeFiles/cmTC_b45f2.dir/build.make CMakeFiles/cmTC_b45f2.dir/build
make[1]: Entering directory '/home/hsuan/iccad/abc/CMakeFiles/CMakeTmp'
Building C object CMakeFiles/cmTC_b45f2.dir/src.c.o
/usr/bin/cc   -DC_COMPILER_SUPPORTS__-I/usr/include/python2.7   -I/usr/include/python2.7 -o CMakeFiles/cmTC_b45f2.dir/src.c.o   -c /home/hsuan/iccad/abc/CMakeFiles/CMakeTmp/src.c
<command-line>: warning: ISO C99 requires whitespace after the macro name
Linking C executable cmTC_b45f2
/usr/bin/cmake -E cmake_link_script CMakeFiles/cmTC_b45f2.dir/link.txt --verbose=1
/usr/bin/cc  -DC_COMPILER_SUPPORTS__-I/usr/include/python2.7    -rdynamic CMakeFiles/cmTC_b45f2.dir/src.c.o  -o cmTC_b45f2 
make[1]: Leaving directory '/home/hsuan/iccad/abc/CMakeFiles/CMakeTmp'


Source file was:
int main(void) { return 0; }
Performing C++ SOURCE FILE Test CXX_COMPILER_SUPPORTS__-I/usr/include/python2.7 succeeded with the following output:
Change Dir: /home/hsuan/iccad/abc/CMakeFiles/CMakeTmp

Run Build Command(s):/usr/bin/make cmTC_9f955/fast && /usr/bin/make -f CMakeFiles/cmTC_9f955.dir/build.make CMakeFiles/cmTC_9f955.dir/build
make[1]: Entering directory '/home/hsuan/iccad/abc/CMakeFiles/CMakeTmp'
Building CXX object CMakeFiles/cmTC_9f955.dir/src.cxx.o
/usr/bin/c++    -DCXX_COMPILER_SUPPORTS__-I/usr/include/python2.7   -I/usr/include/python2.7 -o CMakeFiles/cmTC_9f955.dir/src.cxx.o -c /home/hsuan/iccad/abc/CMakeFiles/CMakeTmp/src.cxx
<command-line>: warning: ISO C++11 requires whitespace after the macro name
Linking CXX executable cmTC_9f955
/usr/bin/cmake -E cmake_link_script CMakeFiles/cmTC_9f955.dir/link.txt --verbose=1
/usr/bin/c++   -DCXX_COMPILER_SUPPORTS__-I/usr/include/python2.7    -rdynamic CMakeFiles/cmTC_9f955.dir/src.cxx.o  -o cmTC_9f955 
make[1]: Leaving directory '/home/hsuan/iccad/abc/CMakeFiles/CMakeTmp'


Source file was:
int main() { return 0; }
Performing C SOURCE FILE Test C_COMPILER_SUPPORTS__-I/usr/include/x86_64-linux-gnu/python2.7 succeeded with the following output:
Change Dir: /home/hsuan/iccad/abc/CMakeFiles/CMakeTmp

Run Build Command(s):/usr/bin/make cmTC_29e68/fast && /usr/bin/make -f CMakeFiles/cmTC_29e68.dir/build.make CMakeFiles/cmTC_29e68.dir/build
make[1]: Entering directory '/home/hsuan/iccad/abc/CMakeFiles/CMakeTmp'
Building C object CMakeFiles/cmTC_29e68.dir/src.c.o
/usr/bin/cc   -DC_COMPILER_SUPPORTS__-I/usr/include/x86_64-linux-gnu/python2.7   -I/usr/include/x86_64-linux-gnu/python2.7 -o CMakeFiles/cmTC_29e68.dir/src.c.o   -c /home/hsuan/iccad/abc/CMakeFiles/CMakeTmp/src.c
<command-line>: warning: ISO C99 requires whitespace after the macro name
Linking C executable cmTC_29e68
/usr/bin/cmake -E cmake_link_script CMakeFiles/cmTC_29e68.dir/link.txt --verbose=1
/usr/bin/cc  -DC_COMPILER_SUPPORTS__-I/usr/include/x86_64-linux-gnu/python2.7    -rdynamic CMakeFiles/cmTC_29e68.dir/src.c.o  -o cmTC_29e68 
make[1]: Leaving directory '/home/hsuan/iccad/abc/CMakeFiles/CMakeTmp'


Source file was:
int main(void) { return 0; }
Performing C++ SOURCE FILE Test CXX_COMPILER_SUPPORTS__-I/usr/include/x86_64-linux-gnu/python2.7 succeeded with the following output:
Change Dir: /home/hsuan/iccad/abc/CMakeFiles/CMakeTmp

Run Build Command(s):/usr/bin/make cmTC_4a7d9/fast && /usr/bin/make -f CMakeFiles/cmTC_4a7d9.dir/build.make CMakeFiles/cmTC_4a7d9.dir/build
make[1]: Entering directory '/home/hsuan/iccad/abc/CMakeFiles/CMakeTmp'
Building CXX object CMakeFiles/cmTC_4a7d9.dir/src.cxx.o
/usr/bin/c++    -DCXX_COMPILER_SUPPORTS__-I/usr/include/x86_64-linux-gnu/python2.7   -I/usr/include/x86_64-linux-gnu/python2.7 -o CMakeFiles/cmTC_4a7d9.dir/src.cxx.o -c /home/hsuan/iccad/abc/CMakeFiles/CMakeTmp/src.cxx
<command-line>: warning: ISO C++11 requires whitespace after the macro name
Linking CXX executable cmTC_4a7d9
/usr/bin/cmake -E cmake_link_script CMakeFiles/cmTC_4a7d9.dir/link.txt --verbose=1
/usr/bin/c++   -DCXX_COMPILER_SUPPORTS__-I/usr/include/x86_64-linux-gnu/python2.7    -rdynamic CMakeFiles/cmTC_4a7d9.dir/src.cxx.o  -o cmTC_4a7d9 
make[1]: Leaving directory '/home/hsuan/iccad/abc/CMakeFiles/CMakeTmp'


Source file was:
int main() { return 0; }
Performing C SOURCE FILE Test C_COMPILER_SUPPORTS__-fno-strict-aliasing succeeded with the following output:
Change Dir: /home/hsuan/iccad/abc/CMakeFiles/CMakeTmp

Run Build Command(s):/usr/bin/make cmTC_aab6e/fast && /usr/bin/make -f CMakeFiles/cmTC_aab6e.dir/build.make CMakeFiles/cmTC_aab6e.dir/build
make[1]: Entering directory '/home/hsuan/iccad/abc/CMakeFiles/CMakeTmp'
Building C object CMakeFiles/cmTC_aab6e.dir/src.c.o
/usr/bin/cc   -DC_COMPILER_SUPPORTS__-fno-strict-aliasing   -fno-strict-aliasing -o CMakeFiles/cmTC_aab6e.dir/src.c.o   -c /home/hsuan/iccad/abc/CMakeFiles/CMakeTmp/src.c
<command-line>: warning: ISO C99 requires whitespace after the macro name
Linking C executable cmTC_aab6e
/usr/bin/cmake -E cmake_link_script CMakeFiles/cmTC_aab6e.dir/link.txt --verbose=1
/usr/bin/cc  -DC_COMPILER_SUPPORTS__-fno-strict-aliasing    -rdynamic CMakeFiles/cmTC_aab6e.dir/src.c.o  -o cmTC_aab6e 
make[1]: Leaving directory '/home/hsuan/iccad/abc/CMakeFiles/CMakeTmp'


Source file was:
int main(void) { return 0; }
Performing C++ SOURCE FILE Test CXX_COMPILER_SUPPORTS__-fno-strict-aliasing succeeded with the following output:
Change Dir: /home/hsuan/iccad/abc/CMakeFiles/CMakeTmp

Run Build Command(s):/usr/bin/make cmTC_a37cf/fast && /usr/bin/make -f CMakeFiles/cmTC_a37cf.dir/build.make CMakeFiles/cmTC_a37cf.dir/build
make[1]: Entering directory '/home/hsuan/iccad/abc/CMakeFiles/CMakeTmp'
Building CXX object CMakeFiles/cmTC_a37cf.dir/src.cxx.o
/usr/bin/c++    -DCXX_COMPILER_SUPPORTS__-fno-strict-aliasing   -fno-strict-aliasing -o CMakeFiles/cmTC_a37cf.dir/src.cxx.o -c /home/hsuan/iccad/abc/CMakeFiles/CMakeTmp/src.cxx
<command-line>: warning: ISO C++11 requires whitespace after the macro name
Linking CXX executable cmTC_a37cf
/usr/bin/cmake -E cmake_link_script CMakeFiles/cmTC_a37cf.dir/link.txt --verbose=1
/usr/bin/c++   -DCXX_COMPILER_SUPPORTS__-fno-strict-aliasing    -rdynamic CMakeFiles/cmTC_a37cf.dir/src.cxx.o  -o cmTC_a37cf 
make[1]: Leaving directory '/home/hsuan/iccad/abc/CMakeFiles/CMakeTmp'


Source file was:
int main() { return 0; }
Performing C SOURCE FILE Test C_COMPILER_SUPPORTS__-Wdate-time succeeded with the following output:
Change Dir: /home/hsuan/iccad/abc/CMakeFiles/CMakeTmp

Run Build Command(s):/usr/bin/make cmTC_e02ac/fast && /usr/bin/make -f CMakeFiles/cmTC_e02ac.dir/build.make CMakeFiles/cmTC_e02ac.dir/build
make[1]: Entering directory '/home/hsuan/iccad/abc/CMakeFiles/CMakeTmp'
Building C object CMakeFiles/cmTC_e02ac.dir/src.c.o
/usr/bin/cc   -DC_COMPILER_SUPPORTS__-Wdate-time   -Wdate-time -o CMakeFiles/cmTC_e02ac.dir/src.c.o   -c /home/hsuan/iccad/abc/CMakeFiles/CMakeTmp/src.c
<command-line>: warning: ISO C99 requires whitespace after the macro name
Linking C executable cmTC_e02ac
/usr/bin/cmake -E cmake_link_script CMakeFiles/cmTC_e02ac.dir/link.txt --verbose=1
/usr/bin/cc  -DC_COMPILER_SUPPORTS__-Wdate-time    -rdynamic CMakeFiles/cmTC_e02ac.dir/src.c.o  -o cmTC_e02ac 
make[1]: Leaving directory '/home/hsuan/iccad/abc/CMakeFiles/CMakeTmp'


Source file was:
int main(void) { return 0; }
Performing C++ SOURCE FILE Test CXX_COMPILER_SUPPORTS__-Wdate-time succeeded with the following output:
Change Dir: /home/hsuan/iccad/abc/CMakeFiles/CMakeTmp

Run Build Command(s):/usr/bin/make cmTC_8d80b/fast && /usr/bin/make -f CMakeFiles/cmTC_8d80b.dir/build.make CMakeFiles/cmTC_8d80b.dir/build
make[1]: Entering directory '/home/hsuan/iccad/abc/CMakeFiles/CMakeTmp'
Building CXX object CMakeFiles/cmTC_8d80b.dir/src.cxx.o
/usr/bin/c++    -DCXX_COMPILER_SUPPORTS__-Wdate-time   -Wdate-time -o CMakeFiles/cmTC_8d80b.dir/src.cxx.o -c /home/hsuan/iccad/abc/CMakeFiles/CMakeTmp/src.cxx
<command-line>: warning: ISO C++11 requires whitespace after the macro name
Linking CXX executable cmTC_8d80b
/usr/bin/cmake -E cmake_link_script CMakeFiles/cmTC_8d80b.dir/link.txt --verbose=1
/usr/bin/c++   -DCXX_COMPILER_SUPPORTS__-Wdate-time    -rdynamic CMakeFiles/cmTC_8d80b.dir/src.cxx.o  -o cmTC_8d80b 
make[1]: Leaving directory '/home/hsuan/iccad/abc/CMakeFiles/CMakeTmp'


Source file was:
int main() { return 0; }
Performing C SOURCE FILE Test C_COMPILER_SUPPORTS__-g succeeded with the following output:
Change Dir: /home/hsuan/iccad/abc/CMakeFiles/CMakeTmp

Run Build Command(s):/usr/bin/make cmTC_0889a/fast && /usr/bin/make -f CMakeFiles/cmTC_0889a.dir/build.make CMakeFiles/cmTC_0889a.dir/build
make[1]: Entering directory '/home/hsuan/iccad/abc/CMakeFiles/CMakeTmp'
Building C object CMakeFiles/cmTC_0889a.dir/src.c.o
/usr/bin/cc   -DC_COMPILER_SUPPORTS__-g   -g -o CMakeFiles/cmTC_0889a.dir/src.c.o   -c /home/hsuan/iccad/abc/CMakeFiles/CMakeTmp/src.c
<command-line>: warning: ISO C99 requires whitespace after the macro name
Linking C executable cmTC_0889a
/usr/bin/cmake -E cmake_link_script CMakeFiles/cmTC_0889a.dir/link.txt --verbose=1
/usr/bin/cc  -DC_COMPILER_SUPPORTS__-g    -rdynamic CMakeFiles/cmTC_0889a.dir/src.c.o  -o cmTC_0889a 
make[1]: Leaving directory '/home/hsuan/iccad/abc/CMakeFiles/CMakeTmp'


Source file was:
int main(void) { return 0; }
Performing C++ SOURCE FILE Test CXX_COMPILER_SUPPORTS__-g succeeded with the following output:
Change Dir: /home/hsuan/iccad/abc/CMakeFiles/CMakeTmp

Run Build Command(s):/usr/bin/make cmTC_84f4f/fast && /usr/bin/make -f CMakeFiles/cmTC_84f4f.dir/build.make CMakeFiles/cmTC_84f4f.dir/build
make[1]: Entering directory '/home/hsuan/iccad/abc/CMakeFiles/CMakeTmp'
Building CXX object CMakeFiles/cmTC_84f4f.dir/src.cxx.o
/usr/bin/c++    -DCXX_COMPILER_SUPPORTS__-g   -g -o CMakeFiles/cmTC_84f4f.dir/src.cxx.o -c /home/hsuan/iccad/abc/CMakeFiles/CMakeTmp/src.cxx
<command-line>: warning: ISO C++11 requires whitespace after the macro name
Linking CXX executable cmTC_84f4f
/usr/bin/cmake -E cmake_link_script CMakeFiles/cmTC_84f4f.dir/link.txt --verbose=1
/usr/bin/c++   -DCXX_COMPILER_SUPPORTS__-g    -rdynamic CMakeFiles/cmTC_84f4f.dir/src.cxx.o  -o cmTC_84f4f 
make[1]: Leaving directory '/home/hsuan/iccad/abc/CMakeFiles/CMakeTmp'


Source file was:
int main() { return 0; }
Performing C SOURCE FILE Test C_COMPILER_SUPPORTS__-fdebug-prefix-map=/build/python2.7-QDqKfA/python2.7-2.7.18=. succeeded with the following output:
Change Dir: /home/hsuan/iccad/abc/CMakeFiles/CMakeTmp

Run Build Command(s):/usr/bin/make cmTC_029b9/fast && /usr/bin/make -f CMakeFiles/cmTC_029b9.dir/build.make CMakeFiles/cmTC_029b9.dir/build
make[1]: Entering directory '/home/hsuan/iccad/abc/CMakeFiles/CMakeTmp'
Building C object CMakeFiles/cmTC_029b9.dir/src.c.o
/usr/bin/cc   -DC_COMPILER_SUPPORTS__-fdebug-prefix-map=/build/python2.7-QDqKfA/python2.7-2.7.18=.   -fdebug-prefix-map=/build/python2.7-QDqKfA/python2.7-2.7.18=. -o CMakeFiles/cmTC_029b9.dir/src.c.o   -c /home/hsuan/iccad/abc/CMakeFiles/CMakeTmp/src.c
<command-line>: warning: ISO C99 requires whitespace after the macro name
Linking C executable cmTC_029b9
/usr/bin/cmake -E cmake_link_script CMakeFiles/cmTC_029b9.dir/link.txt --verbose=1
/usr/bin/cc  -DC_COMPILER_SUPPORTS__-fdebug-prefix-map=/build/python2.7-QDqKfA/python2.7-2.7.18=.    -rdynamic CMakeFiles/cmTC_029b9.dir/src.c.o  -o cmTC_029b9 
make[1]: Leaving directory '/home/hsuan/iccad/abc/CMakeFiles/CMakeTmp'


Source file was:
int main(void) { return 0; }
Performing C++ SOURCE FILE Test CXX_COMPILER_SUPPORTS__-fdebug-prefix-map=/build/python2.7-QDqKfA/python2.7-2.7.18=. succeeded with the following output:
Change Dir: /home/hsuan/iccad/abc/CMakeFiles/CMakeTmp

Run Build Command(s):/usr/bin/make cmTC_6ac4b/fast && /usr/bin/make -f CMakeFiles/cmTC_6ac4b.dir/build.make CMakeFiles/cmTC_6ac4b.dir/build
make[1]: Entering directory '/home/hsuan/iccad/abc/CMakeFiles/CMakeTmp'
Building CXX object CMakeFiles/cmTC_6ac4b.dir/src.cxx.o
/usr/bin/c++    -DCXX_COMPILER_SUPPORTS__-fdebug-prefix-map=/build/python2.7-QDqKfA/python2.7-2.7.18=.   -fdebug-prefix-map=/build/python2.7-QDqKfA/python2.7-2.7.18=. -o CMakeFiles/cmTC_6ac4b.dir/src.cxx.o -c /home/hsuan/iccad/abc/CMakeFiles/CMakeTmp/src.cxx
<command-line>: warning: ISO C++11 requires whitespace after the macro name
Linking CXX executable cmTC_6ac4b
/usr/bin/cmake -E cmake_link_script CMakeFiles/cmTC_6ac4b.dir/link.txt --verbose=1
/usr/bin/c++   -DCXX_COMPILER_SUPPORTS__-fdebug-prefix-map=/build/python2.7-QDqKfA/python2.7-2.7.18=.    -rdynamic CMakeFiles/cmTC_6ac4b.dir/src.cxx.o  -o cmTC_6ac4b 
make[1]: Leaving directory '/home/hsuan/iccad/abc/CMakeFiles/CMakeTmp'


Source file was:
int main() { return 0; }
Performing C SOURCE FILE Test C_COMPILER_SUPPORTS__-fstack-protector-strong succeeded with the following output:
Change Dir: /home/hsuan/iccad/abc/CMakeFiles/CMakeTmp

Run Build Command(s):/usr/bin/make cmTC_7cda3/fast && /usr/bin/make -f CMakeFiles/cmTC_7cda3.dir/build.make CMakeFiles/cmTC_7cda3.dir/build
make[1]: Entering directory '/home/hsuan/iccad/abc/CMakeFiles/CMakeTmp'
Building C object CMakeFiles/cmTC_7cda3.dir/src.c.o
/usr/bin/cc   -DC_COMPILER_SUPPORTS__-fstack-protector-strong   -fstack-protector-strong -o CMakeFiles/cmTC_7cda3.dir/src.c.o   -c /home/hsuan/iccad/abc/CMakeFiles/CMakeTmp/src.c
<command-line>: warning: ISO C99 requires whitespace after the macro name
Linking C executable cmTC_7cda3
/usr/bin/cmake -E cmake_link_script CMakeFiles/cmTC_7cda3.dir/link.txt --verbose=1
/usr/bin/cc  -DC_COMPILER_SUPPORTS__-fstack-protector-strong    -rdynamic CMakeFiles/cmTC_7cda3.dir/src.c.o  -o cmTC_7cda3 
make[1]: Leaving directory '/home/hsuan/iccad/abc/CMakeFiles/CMakeTmp'


Source file was:
int main(void) { return 0; }
Performing C++ SOURCE FILE Test CXX_COMPILER_SUPPORTS__-fstack-protector-strong succeeded with the following output:
Change Dir: /home/hsuan/iccad/abc/CMakeFiles/CMakeTmp

Run Build Command(s):/usr/bin/make cmTC_2b92f/fast && /usr/bin/make -f CMakeFiles/cmTC_2b92f.dir/build.make CMakeFiles/cmTC_2b92f.dir/build
make[1]: Entering directory '/home/hsuan/iccad/abc/CMakeFiles/CMakeTmp'
Building CXX object CMakeFiles/cmTC_2b92f.dir/src.cxx.o
/usr/bin/c++    -DCXX_COMPILER_SUPPORTS__-fstack-protector-strong   -fstack-protector-strong -o CMakeFiles/cmTC_2b92f.dir/src.cxx.o -c /home/hsuan/iccad/abc/CMakeFiles/CMakeTmp/src.cxx
<command-line>: warning: ISO C++11 requires whitespace after the macro name
Linking CXX executable cmTC_2b92f
/usr/bin/cmake -E cmake_link_script CMakeFiles/cmTC_2b92f.dir/link.txt --verbose=1
/usr/bin/c++   -DCXX_COMPILER_SUPPORTS__-fstack-protector-strong    -rdynamic CMakeFiles/cmTC_2b92f.dir/src.cxx.o  -o cmTC_2b92f 
make[1]: Leaving directory '/home/hsuan/iccad/abc/CMakeFiles/CMakeTmp'


Source file was:
int main() { return 0; }
Performing C SOURCE FILE Test C_COMPILER_SUPPORTS__-Wformat succeeded with the following output:
Change Dir: /home/hsuan/iccad/abc/CMakeFiles/CMakeTmp

Run Build Command(s):/usr/bin/make cmTC_646a9/fast && /usr/bin/make -f CMakeFiles/cmTC_646a9.dir/build.make CMakeFiles/cmTC_646a9.dir/build
make[1]: Entering directory '/home/hsuan/iccad/abc/CMakeFiles/CMakeTmp'
Building C object CMakeFiles/cmTC_646a9.dir/src.c.o
/usr/bin/cc   -DC_COMPILER_SUPPORTS__-Wformat   -Wformat -o CMakeFiles/cmTC_646a9.dir/src.c.o   -c /home/hsuan/iccad/abc/CMakeFiles/CMakeTmp/src.c
<command-line>: warning: ISO C99 requires whitespace after the macro name
Linking C executable cmTC_646a9
/usr/bin/cmake -E cmake_link_script CMakeFiles/cmTC_646a9.dir/link.txt --verbose=1
/usr/bin/cc  -DC_COMPILER_SUPPORTS__-Wformat    -rdynamic CMakeFiles/cmTC_646a9.dir/src.c.o  -o cmTC_646a9 
make[1]: Leaving directory '/home/hsuan/iccad/abc/CMakeFiles/CMakeTmp'


Source file was:
int main(void) { return 0; }
Performing C++ SOURCE FILE Test CXX_COMPILER_SUPPORTS__-Wformat succeeded with the following output:
Change Dir: /home/hsuan/iccad/abc/CMakeFiles/CMakeTmp

Run Build Command(s):/usr/bin/make cmTC_68c21/fast && /usr/bin/make -f CMakeFiles/cmTC_68c21.dir/build.make CMakeFiles/cmTC_68c21.dir/build
make[1]: Entering directory '/home/hsuan/iccad/abc/CMakeFiles/CMakeTmp'
Building CXX object CMakeFiles/cmTC_68c21.dir/src.cxx.o
/usr/bin/c++    -DCXX_COMPILER_SUPPORTS__-Wformat   -Wformat -o CMakeFiles/cmTC_68c21.dir/src.cxx.o -c /home/hsuan/iccad/abc/CMakeFiles/CMakeTmp/src.cxx
<command-line>: warning: ISO C++11 requires whitespace after the macro name
Linking CXX executable cmTC_68c21
/usr/bin/cmake -E cmake_link_script CMakeFiles/cmTC_68c21.dir/link.txt --verbose=1
/usr/bin/c++   -DCXX_COMPILER_SUPPORTS__-Wformat    -rdynamic CMakeFiles/cmTC_68c21.dir/src.cxx.o  -o cmTC_68c21 
make[1]: Leaving directory '/home/hsuan/iccad/abc/CMakeFiles/CMakeTmp'


Source file was:
int main() { return 0; }
Performing C SOURCE FILE Test C_COMPILER_SUPPORTS__-Werror=format-security succeeded with the following output:
Change Dir: /home/hsuan/iccad/abc/CMakeFiles/CMakeTmp

Run Build Command(s):/usr/bin/make cmTC_4b219/fast && /usr/bin/make -f CMakeFiles/cmTC_4b219.dir/build.make CMakeFiles/cmTC_4b219.dir/build
make[1]: Entering directory '/home/hsuan/iccad/abc/CMakeFiles/CMakeTmp'
Building C object CMakeFiles/cmTC_4b219.dir/src.c.o
/usr/bin/cc   -DC_COMPILER_SUPPORTS__-Werror=format-security   -Werror=format-security -o CMakeFiles/cmTC_4b219.dir/src.c.o   -c /home/hsuan/iccad/abc/CMakeFiles/CMakeTmp/src.c
<command-line>: warning: ISO C99 requires whitespace after the macro name
Linking C executable cmTC_4b219
/usr/bin/cmake -E cmake_link_script CMakeFiles/cmTC_4b219.dir/link.txt --verbose=1
/usr/bin/cc  -DC_COMPILER_SUPPORTS__-Werror=format-security    -rdynamic CMakeFiles/cmTC_4b219.dir/src.c.o  -o cmTC_4b219 
make[1]: Leaving directory '/home/hsuan/iccad/abc/CMakeFiles/CMakeTmp'


Source file was:
int main(void) { return 0; }
Performing C++ SOURCE FILE Test CXX_COMPILER_SUPPORTS__-Werror=format-security succeeded with the following output:
Change Dir: /home/hsuan/iccad/abc/CMakeFiles/CMakeTmp

Run Build Command(s):/usr/bin/make cmTC_84955/fast && /usr/bin/make -f CMakeFiles/cmTC_84955.dir/build.make CMakeFiles/cmTC_84955.dir/build
make[1]: Entering directory '/home/hsuan/iccad/abc/CMakeFiles/CMakeTmp'
Building CXX object CMakeFiles/cmTC_84955.dir/src.cxx.o
/usr/bin/c++    -DCXX_COMPILER_SUPPORTS__-Werror=format-security   -Werror=format-security -o CMakeFiles/cmTC_84955.dir/src.cxx.o -c /home/hsuan/iccad/abc/CMakeFiles/CMakeTmp/src.cxx
<command-line>: warning: ISO C++11 requires whitespace after the macro name
Linking CXX executable cmTC_84955
/usr/bin/cmake -E cmake_link_script CMakeFiles/cmTC_84955.dir/link.txt --verbose=1
/usr/bin/c++   -DCXX_COMPILER_SUPPORTS__-Werror=format-security    -rdynamic CMakeFiles/cmTC_84955.dir/src.cxx.o  -o cmTC_84955 
make[1]: Leaving directory '/home/hsuan/iccad/abc/CMakeFiles/CMakeTmp'


Source file was:
int main() { return 0; }
Performing C SOURCE FILE Test C_COMPILER_SUPPORTS__-fwrapv succeeded with the following output:
Change Dir: /home/hsuan/iccad/abc/CMakeFiles/CMakeTmp

Run Build Command(s):/usr/bin/make cmTC_4ed0b/fast && /usr/bin/make -f CMakeFiles/cmTC_4ed0b.dir/build.make CMakeFiles/cmTC_4ed0b.dir/build
make[1]: Entering directory '/home/hsuan/iccad/abc/CMakeFiles/CMakeTmp'
Building C object CMakeFiles/cmTC_4ed0b.dir/src.c.o
/usr/bin/cc   -DC_COMPILER_SUPPORTS__-fwrapv   -fwrapv -o CMakeFiles/cmTC_4ed0b.dir/src.c.o   -c /home/hsuan/iccad/abc/CMakeFiles/CMakeTmp/src.c
<command-line>: warning: ISO C99 requires whitespace after the macro name
Linking C executable cmTC_4ed0b
/usr/bin/cmake -E cmake_link_script CMakeFiles/cmTC_4ed0b.dir/link.txt --verbose=1
/usr/bin/cc  -DC_COMPILER_SUPPORTS__-fwrapv    -rdynamic CMakeFiles/cmTC_4ed0b.dir/src.c.o  -o cmTC_4ed0b 
make[1]: Leaving directory '/home/hsuan/iccad/abc/CMakeFiles/CMakeTmp'


Source file was:
int main(void) { return 0; }
Performing C++ SOURCE FILE Test CXX_COMPILER_SUPPORTS__-fwrapv succeeded with the following output:
Change Dir: /home/hsuan/iccad/abc/CMakeFiles/CMakeTmp

Run Build Command(s):/usr/bin/make cmTC_02ee6/fast && /usr/bin/make -f CMakeFiles/cmTC_02ee6.dir/build.make CMakeFiles/cmTC_02ee6.dir/build
make[1]: Entering directory '/home/hsuan/iccad/abc/CMakeFiles/CMakeTmp'
Building CXX object CMakeFiles/cmTC_02ee6.dir/src.cxx.o
/usr/bin/c++    -DCXX_COMPILER_SUPPORTS__-fwrapv   -fwrapv -o CMakeFiles/cmTC_02ee6.dir/src.cxx.o -c /home/hsuan/iccad/abc/CMakeFiles/CMakeTmp/src.cxx
<command-line>: warning: ISO C++11 requires whitespace after the macro name
Linking CXX executable cmTC_02ee6
/usr/bin/cmake -E cmake_link_script CMakeFiles/cmTC_02ee6.dir/link.txt --verbose=1
/usr/bin/c++   -DCXX_COMPILER_SUPPORTS__-fwrapv    -rdynamic CMakeFiles/cmTC_02ee6.dir/src.cxx.o  -o cmTC_02ee6 
make[1]: Leaving directory '/home/hsuan/iccad/abc/CMakeFiles/CMakeTmp'


Source file was:
int main() { return 0; }
Performing C SOURCE FILE Test C_COMPILER_SUPPORTS__-O2 succeeded with the following output:
Change Dir: /home/hsuan/iccad/abc/CMakeFiles/CMakeTmp

Run Build Command(s):/usr/bin/make cmTC_3b94c/fast && /usr/bin/make -f CMakeFiles/cmTC_3b94c.dir/build.make CMakeFiles/cmTC_3b94c.dir/build
make[1]: Entering directory '/home/hsuan/iccad/abc/CMakeFiles/CMakeTmp'
Building C object CMakeFiles/cmTC_3b94c.dir/src.c.o
/usr/bin/cc   -DC_COMPILER_SUPPORTS__-O2   -O2 -o CMakeFiles/cmTC_3b94c.dir/src.c.o   -c /home/hsuan/iccad/abc/CMakeFiles/CMakeTmp/src.c
<command-line>: warning: ISO C99 requires whitespace after the macro name
Linking C executable cmTC_3b94c
/usr/bin/cmake -E cmake_link_script CMakeFiles/cmTC_3b94c.dir/link.txt --verbose=1
/usr/bin/cc  -DC_COMPILER_SUPPORTS__-O2    -rdynamic CMakeFiles/cmTC_3b94c.dir/src.c.o  -o cmTC_3b94c 
make[1]: Leaving directory '/home/hsuan/iccad/abc/CMakeFiles/CMakeTmp'


Source file was:
int main(void) { return 0; }
Performing C++ SOURCE FILE Test CXX_COMPILER_SUPPORTS__-O2 succeeded with the following output:
Change Dir: /home/hsuan/iccad/abc/CMakeFiles/CMakeTmp

Run Build Command(s):/usr/bin/make cmTC_5b2cf/fast && /usr/bin/make -f CMakeFiles/cmTC_5b2cf.dir/build.make CMakeFiles/cmTC_5b2cf.dir/build
make[1]: Entering directory '/home/hsuan/iccad/abc/CMakeFiles/CMakeTmp'
Building CXX object CMakeFiles/cmTC_5b2cf.dir/src.cxx.o
/usr/bin/c++    -DCXX_COMPILER_SUPPORTS__-O2   -O2 -o CMakeFiles/cmTC_5b2cf.dir/src.cxx.o -c /home/hsuan/iccad/abc/CMakeFiles/CMakeTmp/src.cxx
<command-line>: warning: ISO C++11 requires whitespace after the macro name
Linking CXX executable cmTC_5b2cf
/usr/bin/cmake -E cmake_link_script CMakeFiles/cmTC_5b2cf.dir/link.txt --verbose=1
/usr/bin/c++   -DCXX_COMPILER_SUPPORTS__-O2    -rdynamic CMakeFiles/cmTC_5b2cf.dir/src.cxx.o  -o cmTC_5b2cf 
make[1]: Leaving directory '/home/hsuan/iccad/abc/CMakeFiles/CMakeTmp'


Source file was:
int main() { return 0; }
Performing C SOURCE FILE Test C_COMPILER_SUPPORTS__-Wstrict-prototypes succeeded with the following output:
Change Dir: /home/hsuan/iccad/abc/CMakeFiles/CMakeTmp

Run Build Command(s):/usr/bin/make cmTC_27f58/fast && /usr/bin/make -f CMakeFiles/cmTC_27f58.dir/build.make CMakeFiles/cmTC_27f58.dir/build
make[1]: Entering directory '/home/hsuan/iccad/abc/CMakeFiles/CMakeTmp'
Building C object CMakeFiles/cmTC_27f58.dir/src.c.o
/usr/bin/cc   -DC_COMPILER_SUPPORTS__-Wstrict-prototypes   -Wstrict-prototypes -o CMakeFiles/cmTC_27f58.dir/src.c.o   -c /home/hsuan/iccad/abc/CMakeFiles/CMakeTmp/src.c
<command-line>: warning: ISO C99 requires whitespace after the macro name
Linking C executable cmTC_27f58
/usr/bin/cmake -E cmake_link_script CMakeFiles/cmTC_27f58.dir/link.txt --verbose=1
/usr/bin/cc  -DC_COMPILER_SUPPORTS__-Wstrict-prototypes    -rdynamic CMakeFiles/cmTC_27f58.dir/src.c.o  -o cmTC_27f58 
make[1]: Leaving directory '/home/hsuan/iccad/abc/CMakeFiles/CMakeTmp'


Source file was:
int main(void) { return 0; }
Performing C SOURCE FILE Test C_COMPILER_SUPPORTS__-fdebug-prefix-map=/build/python2.7-QDqKfA/python2.7-2.7.18=. succeeded with the following output:
Change Dir: /home/hsuan/iccad/abc/CMakeFiles/CMakeTmp

Run Build Command(s):/usr/bin/make cmTC_369cb/fast && /usr/bin/make -f CMakeFiles/cmTC_369cb.dir/build.make CMakeFiles/cmTC_369cb.dir/build
make[1]: Entering directory '/home/hsuan/iccad/abc/CMakeFiles/CMakeTmp'
Building C object CMakeFiles/cmTC_369cb.dir/src.c.o
/usr/bin/cc   -DC_COMPILER_SUPPORTS__-fdebug-prefix-map=/build/python2.7-QDqKfA/python2.7-2.7.18=.   -fdebug-prefix-map=/build/python2.7-QDqKfA/python2.7-2.7.18=. -o CMakeFiles/cmTC_369cb.dir/src.c.o   -c /home/hsuan/iccad/abc/CMakeFiles/CMakeTmp/src.c
<command-line>: warning: ISO C99 requires whitespace after the macro name
Linking C executable cmTC_369cb
/usr/bin/cmake -E cmake_link_script CMakeFiles/cmTC_369cb.dir/link.txt --verbose=1
/usr/bin/cc  -DC_COMPILER_SUPPORTS__-fdebug-prefix-map=/build/python2.7-QDqKfA/python2.7-2.7.18=.    -rdynamic CMakeFiles/cmTC_369cb.dir/src.c.o  -o cmTC_369cb 
make[1]: Leaving directory '/home/hsuan/iccad/abc/CMakeFiles/CMakeTmp'


Source file was:
int main(void) { return 0; }
Performing C++ SOURCE FILE Test CXX_COMPILER_SUPPORTS__-fdebug-prefix-map=/build/python2.7-QDqKfA/python2.7-2.7.18=. succeeded with the following output:
Change Dir: /home/hsuan/iccad/abc/CMakeFiles/CMakeTmp

Run Build Command(s):/usr/bin/make cmTC_e2111/fast && /usr/bin/make -f CMakeFiles/cmTC_e2111.dir/build.make CMakeFiles/cmTC_e2111.dir/build
make[1]: Entering directory '/home/hsuan/iccad/abc/CMakeFiles/CMakeTmp'
Building CXX object CMakeFiles/cmTC_e2111.dir/src.cxx.o
/usr/bin/c++    -DCXX_COMPILER_SUPPORTS__-fdebug-prefix-map=/build/python2.7-QDqKfA/python2.7-2.7.18=.   -fdebug-prefix-map=/build/python2.7-QDqKfA/python2.7-2.7.18=. -o CMakeFiles/cmTC_e2111.dir/src.cxx.o -c /home/hsuan/iccad/abc/CMakeFiles/CMakeTmp/src.cxx
<command-line>: warning: ISO C++11 requires whitespace after the macro name
Linking CXX executable cmTC_e2111
/usr/bin/cmake -E cmake_link_script CMakeFiles/cmTC_e2111.dir/link.txt --verbose=1
/usr/bin/c++   -DCXX_COMPILER_SUPPORTS__-fdebug-prefix-map=/build/python2.7-QDqKfA/python2.7-2.7.18=.    -rdynamic CMakeFiles/cmTC_e2111.dir/src.cxx.o  -o cmTC_e2111 
make[1]: Leaving directory '/home/hsuan/iccad/abc/CMakeFiles/CMakeTmp'


Source file was:
int main() { return 0; }
Performing C SOURCE FILE Test C_COMPILER_SUPPORTS__-Werror=format-security succeeded with the following output:
Change Dir: /home/hsuan/iccad/abc/CMakeFiles/CMakeTmp

Run Build Command(s):/usr/bin/make cmTC_a62d5/fast && /usr/bin/make -f CMakeFiles/cmTC_a62d5.dir/build.make CMakeFiles/cmTC_a62d5.dir/build
make[1]: Entering directory '/home/hsuan/iccad/abc/CMakeFiles/CMakeTmp'
Building C object CMakeFiles/cmTC_a62d5.dir/src.c.o
/usr/bin/cc   -DC_COMPILER_SUPPORTS__-Werror=format-security   -Werror=format-security -o CMakeFiles/cmTC_a62d5.dir/src.c.o   -c /home/hsuan/iccad/abc/CMakeFiles/CMakeTmp/src.c
<command-line>: warning: ISO C99 requires whitespace after the macro name
Linking C executable cmTC_a62d5
/usr/bin/cmake -E cmake_link_script CMakeFiles/cmTC_a62d5.dir/link.txt --verbose=1
/usr/bin/cc  -DC_COMPILER_SUPPORTS__-Werror=format-security    -rdynamic CMakeFiles/cmTC_a62d5.dir/src.c.o  -o cmTC_a62d5 
make[1]: Leaving directory '/home/hsuan/iccad/abc/CMakeFiles/CMakeTmp'


Source file was:
int main(void) { return 0; }
Performing C++ SOURCE FILE Test CXX_COMPILER_SUPPORTS__-Werror=format-security succeeded with the following output:
Change Dir: /home/hsuan/iccad/abc/CMakeFiles/CMakeTmp

Run Build Command(s):/usr/bin/make cmTC_20edf/fast && /usr/bin/make -f CMakeFiles/cmTC_20edf.dir/build.make CMakeFiles/cmTC_20edf.dir/build
make[1]: Entering directory '/home/hsuan/iccad/abc/CMakeFiles/CMakeTmp'
Building CXX object CMakeFiles/cmTC_20edf.dir/src.cxx.o
/usr/bin/c++    -DCXX_COMPILER_SUPPORTS__-Werror=format-security   -Werror=format-security -o CMakeFiles/cmTC_20edf.dir/src.cxx.o -c /home/hsuan/iccad/abc/CMakeFiles/CMakeTmp/src.cxx
<command-line>: warning: ISO C++11 requires whitespace after the macro name
Linking CXX executable cmTC_20edf
/usr/bin/cmake -E cmake_link_script CMakeFiles/cmTC_20edf.dir/link.txt --verbose=1
/usr/bin/c++   -DCXX_COMPILER_SUPPORTS__-Werror=format-security    -rdynamic CMakeFiles/cmTC_20edf.dir/src.cxx.o  -o cmTC_20edf 
make[1]: Leaving directory '/home/hsuan/iccad/abc/CMakeFiles/CMakeTmp'


Source file was:
int main() { return 0; }
